#
# There is insufficient memory for the Java Runtime Environment to continue.
# Native memory allocation (mmap) failed to map 65536 bytes for Failed to commit metaspace.
# Possible reasons:
#   The system is out of physical RAM or swap space
#   The process is running with CompressedOops enabled, and the Java Heap may be blocking the growth of the native heap
# Possible solutions:
#   Reduce memory load on the system
#   Increase physical memory or swap space
#   Check if swap backing store is full
#   Decrease Java heap size (-Xmx/-Xms)
#   Decrease number of Java threads
#   Decrease Java thread stack sizes (-Xss)
#   Set larger code cache with -XX:ReservedCodeCacheSize=
#   JVM is running with Zero Based Compressed Oops mode in which the Java heap is
#     placed in the first 32GB address space. The Java Heap base address is the
#     maximum limit for the native heap growth. Please use -XX:HeapBaseMinAddress
#     to set the Java Heap base and to place the Java Heap above 32GB virtual address.
# This output file may be truncated or incomplete.
#
#  Out of Memory Error (virtualSpaceNode.cpp:110), pid=10780, tid=22136
#
# JRE version: Java(TM) SE Runtime Environment (19.0.2+7) (build 19.0.2+7-44)
# Java VM: Java HotSpot(TM) 64-Bit Server VM (19.0.2+7-44, mixed mode, sharing, tiered, compressed oops, compressed class ptrs, g1 gc, windows-amd64)
# No core dump will be written. Minidumps are not enabled by default on client versions of Windows
#

---------------  S U M M A R Y ------------

Command Line: -Dfile.encoding=UTF-8 -XX:+ShowCodeDetailsInExceptionMessages SamplePackage.framewprograms

Host: 11th Gen Intel(R) Core(TM) i5-1135G7 @ 2.40GHz, 8 cores, 11G,  Windows 11 , 64 bit Build 22621 (10.0.22621.2428)
Time: Mon Nov  6 18:27:49 2023 Eastern Standard Time elapsed time: 7.900735 seconds (0d 0h 0m 7s)

---------------  T H R E A D  ---------------

Current thread (0x000001e3614f49b0):  JavaThread "Forwarding getElementText on session 4cec4b2aec85b49905f221b9361eda4c to remote" [_thread_in_vm, id=22136, stack(0x0000008581300000,0x0000008581400000)]

Stack: [0x0000008581300000,0x0000008581400000]
Native frames: (J=compiled Java code, j=interpreted, Vv=VM code, C=native code)
V  [jvm.dll+0x6ee21a]
V  [jvm.dll+0x85765e]
V  [jvm.dll+0x85904e]
V  [jvm.dll+0x859703]
V  [jvm.dll+0x28298f]
V  [jvm.dll+0x8532db]
V  [jvm.dll+0x692cb6]
V  [jvm.dll+0x692d1a]
V  [jvm.dll+0x695613]
V  [jvm.dll+0x6954de]
V  [jvm.dll+0x6936de]
V  [jvm.dll+0x2801cc]
V  [jvm.dll+0x7432cd]
V  [jvm.dll+0x743ccf]
V  [jvm.dll+0x3c999e]
V  [jvm.dll+0x3c8b14]
V  [jvm.dll+0x3c8ab8]
V  [jvm.dll+0x3da29a]
C  0x000001e37218dc27

Java frames: (J=compiled Java code, j=interpreted, Vv=VM code)
j  java.util.TreeMap$EntrySet.spliterator()Ljava/util/Spliterator;+0 java.base@19.0.2
j  java.util.Collections$UnmodifiableMap$UnmodifiableEntrySet.spliterator()Ljava/util/Spliterator;+8 java.base@19.0.2
j  java.util.Collections$UnmodifiableMap$UnmodifiableEntrySet.stream()Ljava/util/stream/Stream;+1 java.base@19.0.2
j  org.openqa.selenium.SharedCapabilitiesMethods.abbreviate(Ljava/util/Map;Ljava/lang/Object;)Ljava/lang/String;+164
j  org.openqa.selenium.SharedCapabilitiesMethods.toString(Lorg/openqa/selenium/Capabilities;)Ljava/lang/String;+15
j  org.openqa.selenium.ImmutableCapabilities.toString()Ljava/lang/String;+1
j  org.openqa.selenium.remote.RemoteWebDriver.populateWebDriverException(Lorg/openqa/selenium/WebDriverException;)V+49
j  org.openqa.selenium.remote.RemoteWebDriver.execute(Lorg/openqa/selenium/remote/CommandPayload;)Lorg/openqa/selenium/remote/Response;+252
j  org.openqa.selenium.remote.RemoteWebElement.execute(Lorg/openqa/selenium/remote/CommandPayload;)Lorg/openqa/selenium/remote/Response;+5
j  org.openqa.selenium.remote.RemoteWebElement.getText()Ljava/lang/String;+8
j  SamplePackage.framewprograms.main([Ljava/lang/String;)V+232
v  ~StubRoutines::call_stub 0x000001e3721610e8

---------------  P R O C E S S  ---------------

Threads class SMR info:
_java_thread_list=0x000001e309641e30, length=24, elements={
0x000001e3614f49b0, 0x000001e37f15c8b0, 0x000001e37f15d790, 0x000001e37f161e00,
0x000001e37f162e20, 0x000001e37f165850, 0x000001e37f166270, 0x000001e37f178420,
0x000001e37f178d90, 0x000001e37f17b710, 0x000001e3090e7350, 0x000001e3090f0b90,
0x000001e309aec740, 0x000001e30a24f030, 0x000001e30a2ba300, 0x000001e30a2ad840,
0x000001e30a2aedb0, 0x000001e30a304080, 0x000001e30a303b30, 0x000001e30a305b10,
0x000001e30a304b20, 0x000001e30a305070, 0x000001e30a3055c0, 0x000001e30a3025f0
}

Java Threads: ( => current thread )
=>0x000001e3614f49b0 JavaThread "Forwarding getElementText on session 4cec4b2aec85b49905f221b9361eda4c to remote" [_thread_in_vm, id=22136, stack(0x0000008581300000,0x0000008581400000)]
  0x000001e37f15c8b0 JavaThread "Reference Handler" daemon [_thread_blocked, id=37324, stack(0x0000008581a00000,0x0000008581b00000)]
  0x000001e37f15d790 JavaThread "Finalizer" daemon [_thread_blocked, id=5020, stack(0x0000008581b00000,0x0000008581c00000)]
  0x000001e37f161e00 JavaThread "Signal Dispatcher" daemon [_thread_blocked, id=30316, stack(0x0000008581c00000,0x0000008581d00000)]
  0x000001e37f162e20 JavaThread "Attach Listener" daemon [_thread_blocked, id=10760, stack(0x0000008581d00000,0x0000008581e00000)]
  0x000001e37f165850 JavaThread "Service Thread" daemon [_thread_blocked, id=24732, stack(0x0000008581e00000,0x0000008581f00000)]
  0x000001e37f166270 JavaThread "Monitor Deflation Thread" daemon [_thread_blocked, id=43612, stack(0x0000008581f00000,0x0000008582000000)]
  0x000001e37f178420 JavaThread "C2 CompilerThread0" daemon [_thread_blocked, id=45304, stack(0x0000008582000000,0x0000008582100000)]
  0x000001e37f178d90 JavaThread "C1 CompilerThread0" daemon [_thread_blocked, id=35176, stack(0x0000008582100000,0x0000008582200000)]
  0x000001e37f17b710 JavaThread "Sweeper thread" daemon [_thread_blocked, id=24064, stack(0x0000008582200000,0x0000008582300000)]
  0x000001e3090e7350 JavaThread "Notification Thread" daemon [_thread_blocked, id=31988, stack(0x0000008582300000,0x0000008582400000)]
  0x000001e3090f0b90 JavaThread "Common-Cleaner" daemon [_thread_blocked, id=668, stack(0x0000008582500000,0x0000008582600000)]
  0x000001e309aec740 JavaThread "ForkJoinPool.commonPool-worker-1" daemon [_thread_blocked, id=5440, stack(0x0000008582f00000,0x0000008583000000)]
  0x000001e30a24f030 JavaThread "HttpClient-1-SelectorManager" daemon [_thread_in_native, id=12548, stack(0x0000008583000000,0x0000008583100000)]
  0x000001e30a2ba300 JavaThread "Driver Service Executor" daemon [_thread_blocked, id=45900, stack(0x0000008583100000,0x0000008583200000)]
  0x000001e30a2ad840 JavaThread "Driver Service Executor" daemon [_thread_blocked, id=30480, stack(0x0000008583200000,0x0000008583300000)]
  0x000001e30a2aedb0 JavaThread "UrlChecker-2" daemon [_thread_blocked, id=39760, stack(0x0000008583300000,0x0000008583400000)]
  0x000001e30a304080 JavaThread "pool-1-thread-1" [_thread_blocked, id=36540, stack(0x0000008583600000,0x0000008583700000)]
  0x000001e30a303b30 JavaThread "pool-1-thread-2" [_thread_blocked, id=35260, stack(0x0000008583700000,0x0000008583800000)]
  0x000001e30a305b10 JavaThread "pool-1-thread-3" [_thread_blocked, id=29500, stack(0x0000008583800000,0x0000008583900000)]
  0x000001e30a304b20 JavaThread "HttpClient-2-SelectorManager" daemon [_thread_in_native, id=10988, stack(0x0000008583900000,0x0000008583a00000)]
  0x000001e30a305070 JavaThread "pool-2-thread-1" [_thread_blocked, id=21484, stack(0x0000008583a00000,0x0000008583b00000)]
  0x000001e30a3055c0 JavaThread "pool-2-thread-2" [_thread_blocked, id=43956, stack(0x0000008583b00000,0x0000008583c00000)]
  0x000001e30a3025f0 JavaThread "pool-2-thread-3" [_thread_blocked, id=45352, stack(0x0000008583c00000,0x0000008583d00000)]

Other Threads:
  0x000001e37f1447b0 VMThread "VM Thread" [stack: 0x0000008581900000,0x0000008581a00000] [id=19016]
  0x000001e3090ec100 WatcherThread "VM Periodic Task Thread" [stack: 0x0000008582400000,0x0000008582500000] [id=10064]
  0x000001e361550c00 WorkerThread "GC Thread#0" [stack: 0x0000008581400000,0x0000008581500000] [id=46708]
  0x000001e309f82c20 WorkerThread "GC Thread#1" [stack: 0x0000008582800000,0x0000008582900000] [id=37972]
  0x000001e309808930 WorkerThread "GC Thread#2" [stack: 0x0000008582900000,0x0000008582a00000] [id=10316]
  0x000001e309bfe600 WorkerThread "GC Thread#3" [stack: 0x0000008582a00000,0x0000008582b00000] [id=18464]
  0x000001e30992f9f0 WorkerThread "GC Thread#4" [stack: 0x0000008582b00000,0x0000008582c00000] [id=45668]
  0x000001e309b86f20 WorkerThread "GC Thread#5" [stack: 0x0000008582c00000,0x0000008582d00000] [id=39240]
  0x000001e30987f9c0 WorkerThread "GC Thread#6" [stack: 0x0000008582d00000,0x0000008582e00000] [id=27048]
  0x000001e30987e070 WorkerThread "GC Thread#7" [stack: 0x0000008582e00000,0x0000008582f00000] [id=45520]
  0x000001e36155d5b0 ConcurrentGCThread "G1 Main Marker" [stack: 0x0000008581500000,0x0000008581600000] [id=37416]
  0x000001e36155dfe0 WorkerThread "G1 Conc#0" [stack: 0x0000008581600000,0x0000008581700000] [id=46456]
  0x000001e37f0034d0 ConcurrentGCThread "G1 Refine#0" [stack: 0x0000008581700000,0x0000008581800000] [id=46724]
  0x000001e3615ad200 ConcurrentGCThread "G1 Service" [stack: 0x0000008581800000,0x0000008581900000] [id=31444]

Threads with active compile tasks:

VM state: not at safepoint (normal execution)

VM Mutex/Monitor currently owned by a thread:  ([mutex/lock_event])
[0x000001e3614edfc0] Metaspace_lock - owner thread: 0x000001e3614f49b0

Heap address: 0x0000000745a00000, size: 2982 MB, Compressed Oops mode: Zero based, Oop shift amount: 3

CDS archive(s) mapped at: [0x0000000800000000-0x0000000800c40000-0x0000000800c40000), size 12845056, SharedBaseAddress: 0x0000000800000000, ArchiveRelocationMode: 0.
Compressed class space mapped at: 0x0000000801000000-0x0000000841000000, reserved size: 1073741824
Narrow klass base: 0x0000000800000000, Narrow klass shift: 0, Narrow klass range: 0x100000000

GC Precious Log:
 CardTable entry size: 512
 Card Set container configuration: InlinePtr #cards 4 size 8 Array Of Cards #cards 16 size 48 Howl #buckets 8 coarsen threshold 3686 Howl Bitmap #cards 512 size 80 coarsen threshold 460 Card regions per heap region 1 cards per card region 4096
 CPUs: 8 total, 8 available
 Memory: 11927M
 Large Page Support: Disabled
 NUMA Support: Disabled
 Compressed Oops: Enabled (Zero based)
 Heap Region Size: 2M
 Heap Min Capacity: 8M
 Heap Initial Capacity: 188M
 Heap Max Capacity: 2982M
 Pre-touch: Disabled
 Parallel Workers: 8
 Concurrent Workers: 2
 Concurrent Refinement Workers: 8
 Periodic GC: Disabled

Heap:
 garbage-first heap   total 192512K, used 30599K [0x0000000745a00000, 0x0000000800000000)
  region size 2048K, 12 young (24576K), 2 survivors (4096K)
 Metaspace       used 15823K, committed 16064K, reserved 1114112K
  class space    used 1810K, committed 1920K, reserved 1048576K

Heap Regions: E=young(eden), S=young(survivor), O=old, HS=humongous(starts), HC=humongous(continues), CS=collection set, F=free, OA=open archive, CA=closed archive, TAMS=top-at-mark-start (previous, next)
|   0|0x0000000745a00000, 0x0000000745c00000, 0x0000000745c00000|100%| O|  |TAMS 0x0000000745a00000, 0x0000000745a00000| Untracked 
|   1|0x0000000745c00000, 0x0000000745e00000, 0x0000000745e00000|100%| O|  |TAMS 0x0000000745c00000, 0x0000000745c00000| Untracked 
|   2|0x0000000745e00000, 0x0000000746000000, 0x0000000746000000|100%| O|  |TAMS 0x0000000745e00000, 0x0000000745e00000| Untracked 
|   3|0x0000000746000000, 0x00000007461e1e00, 0x0000000746200000| 94%| O|  |TAMS 0x0000000746000000, 0x0000000746000000| Untracked 
|   4|0x0000000746200000, 0x0000000746200000, 0x0000000746400000|  0%| F|  |TAMS 0x0000000746200000, 0x0000000746200000| Untracked 
|   5|0x0000000746400000, 0x0000000746400000, 0x0000000746600000|  0%| F|  |TAMS 0x0000000746400000, 0x0000000746400000| Untracked 
|   6|0x0000000746600000, 0x0000000746600000, 0x0000000746800000|  0%| F|  |TAMS 0x0000000746600000, 0x0000000746600000| Untracked 
|   7|0x0000000746800000, 0x0000000746800000, 0x0000000746a00000|  0%| F|  |TAMS 0x0000000746800000, 0x0000000746800000| Untracked 
|   8|0x0000000746a00000, 0x0000000746a00000, 0x0000000746c00000|  0%| F|  |TAMS 0x0000000746a00000, 0x0000000746a00000| Untracked 
|   9|0x0000000746c00000, 0x0000000746c00000, 0x0000000746e00000|  0%| F|  |TAMS 0x0000000746c00000, 0x0000000746c00000| Untracked 
|  10|0x0000000746e00000, 0x0000000746e00000, 0x0000000747000000|  0%| F|  |TAMS 0x0000000746e00000, 0x0000000746e00000| Untracked 
|  11|0x0000000747000000, 0x0000000747000000, 0x0000000747200000|  0%| F|  |TAMS 0x0000000747000000, 0x0000000747000000| Untracked 
|  12|0x0000000747200000, 0x0000000747200000, 0x0000000747400000|  0%| F|  |TAMS 0x0000000747200000, 0x0000000747200000| Untracked 
|  13|0x0000000747400000, 0x0000000747400000, 0x0000000747600000|  0%| F|  |TAMS 0x0000000747400000, 0x0000000747400000| Untracked 
|  14|0x0000000747600000, 0x0000000747600000, 0x0000000747800000|  0%| F|  |TAMS 0x0000000747600000, 0x0000000747600000| Untracked 
|  15|0x0000000747800000, 0x0000000747800000, 0x0000000747a00000|  0%| F|  |TAMS 0x0000000747800000, 0x0000000747800000| Untracked 
|  16|0x0000000747a00000, 0x0000000747a00000, 0x0000000747c00000|  0%| F|  |TAMS 0x0000000747a00000, 0x0000000747a00000| Untracked 
|  17|0x0000000747c00000, 0x0000000747c00000, 0x0000000747e00000|  0%| F|  |TAMS 0x0000000747c00000, 0x0000000747c00000| Untracked 
|  18|0x0000000747e00000, 0x0000000747e00000, 0x0000000748000000|  0%| F|  |TAMS 0x0000000747e00000, 0x0000000747e00000| Untracked 
|  19|0x0000000748000000, 0x0000000748000000, 0x0000000748200000|  0%| F|  |TAMS 0x0000000748000000, 0x0000000748000000| Untracked 
|  20|0x0000000748200000, 0x0000000748200000, 0x0000000748400000|  0%| F|  |TAMS 0x0000000748200000, 0x0000000748200000| Untracked 
|  21|0x0000000748400000, 0x0000000748400000, 0x0000000748600000|  0%| F|  |TAMS 0x0000000748400000, 0x0000000748400000| Untracked 
|  22|0x0000000748600000, 0x0000000748600000, 0x0000000748800000|  0%| F|  |TAMS 0x0000000748600000, 0x0000000748600000| Untracked 
|  23|0x0000000748800000, 0x0000000748800000, 0x0000000748a00000|  0%| F|  |TAMS 0x0000000748800000, 0x0000000748800000| Untracked 
|  24|0x0000000748a00000, 0x0000000748a00000, 0x0000000748c00000|  0%| F|  |TAMS 0x0000000748a00000, 0x0000000748a00000| Untracked 
|  25|0x0000000748c00000, 0x0000000748c00000, 0x0000000748e00000|  0%| F|  |TAMS 0x0000000748c00000, 0x0000000748c00000| Untracked 
|  26|0x0000000748e00000, 0x0000000748e00000, 0x0000000749000000|  0%| F|  |TAMS 0x0000000748e00000, 0x0000000748e00000| Untracked 
|  27|0x0000000749000000, 0x0000000749000000, 0x0000000749200000|  0%| F|  |TAMS 0x0000000749000000, 0x0000000749000000| Untracked 
|  28|0x0000000749200000, 0x0000000749200000, 0x0000000749400000|  0%| F|  |TAMS 0x0000000749200000, 0x0000000749200000| Untracked 
|  29|0x0000000749400000, 0x0000000749400000, 0x0000000749600000|  0%| F|  |TAMS 0x0000000749400000, 0x0000000749400000| Untracked 
|  30|0x0000000749600000, 0x0000000749600000, 0x0000000749800000|  0%| F|  |TAMS 0x0000000749600000, 0x0000000749600000| Untracked 
|  31|0x0000000749800000, 0x0000000749800000, 0x0000000749a00000|  0%| F|  |TAMS 0x0000000749800000, 0x0000000749800000| Untracked 
|  32|0x0000000749a00000, 0x0000000749a00000, 0x0000000749c00000|  0%| F|  |TAMS 0x0000000749a00000, 0x0000000749a00000| Untracked 
|  33|0x0000000749c00000, 0x0000000749c00000, 0x0000000749e00000|  0%| F|  |TAMS 0x0000000749c00000, 0x0000000749c00000| Untracked 
|  34|0x0000000749e00000, 0x0000000749e00000, 0x000000074a000000|  0%| F|  |TAMS 0x0000000749e00000, 0x0000000749e00000| Untracked 
|  35|0x000000074a000000, 0x000000074a000000, 0x000000074a200000|  0%| F|  |TAMS 0x000000074a000000, 0x000000074a000000| Untracked 
|  36|0x000000074a200000, 0x000000074a200000, 0x000000074a400000|  0%| F|  |TAMS 0x000000074a200000, 0x000000074a200000| Untracked 
|  37|0x000000074a400000, 0x000000074a400000, 0x000000074a600000|  0%| F|  |TAMS 0x000000074a400000, 0x000000074a400000| Untracked 
|  38|0x000000074a600000, 0x000000074a600000, 0x000000074a800000|  0%| F|  |TAMS 0x000000074a600000, 0x000000074a600000| Untracked 
|  39|0x000000074a800000, 0x000000074a800000, 0x000000074aa00000|  0%| F|  |TAMS 0x000000074a800000, 0x000000074a800000| Untracked 
|  40|0x000000074aa00000, 0x000000074aa00000, 0x000000074ac00000|  0%| F|  |TAMS 0x000000074aa00000, 0x000000074aa00000| Untracked 
|  41|0x000000074ac00000, 0x000000074ac00000, 0x000000074ae00000|  0%| F|  |TAMS 0x000000074ac00000, 0x000000074ac00000| Untracked 
|  42|0x000000074ae00000, 0x000000074ae00000, 0x000000074b000000|  0%| F|  |TAMS 0x000000074ae00000, 0x000000074ae00000| Untracked 
|  43|0x000000074b000000, 0x000000074b000000, 0x000000074b200000|  0%| F|  |TAMS 0x000000074b000000, 0x000000074b000000| Untracked 
|  44|0x000000074b200000, 0x000000074b200000, 0x000000074b400000|  0%| F|  |TAMS 0x000000074b200000, 0x000000074b200000| Untracked 
|  45|0x000000074b400000, 0x000000074b400000, 0x000000074b600000|  0%| F|  |TAMS 0x000000074b400000, 0x000000074b400000| Untracked 
|  46|0x000000074b600000, 0x000000074b600000, 0x000000074b800000|  0%| F|  |TAMS 0x000000074b600000, 0x000000074b600000| Untracked 
|  47|0x000000074b800000, 0x000000074b800000, 0x000000074ba00000|  0%| F|  |TAMS 0x000000074b800000, 0x000000074b800000| Untracked 
|  48|0x000000074ba00000, 0x000000074ba00000, 0x000000074bc00000|  0%| F|  |TAMS 0x000000074ba00000, 0x000000074ba00000| Untracked 
|  49|0x000000074bc00000, 0x000000074bc00000, 0x000000074be00000|  0%| F|  |TAMS 0x000000074bc00000, 0x000000074bc00000| Untracked 
|  50|0x000000074be00000, 0x000000074be00000, 0x000000074c000000|  0%| F|  |TAMS 0x000000074be00000, 0x000000074be00000| Untracked 
|  51|0x000000074c000000, 0x000000074c000000, 0x000000074c200000|  0%| F|  |TAMS 0x000000074c000000, 0x000000074c000000| Untracked 
|  52|0x000000074c200000, 0x000000074c200000, 0x000000074c400000|  0%| F|  |TAMS 0x000000074c200000, 0x000000074c200000| Untracked 
|  53|0x000000074c400000, 0x000000074c400000, 0x000000074c600000|  0%| F|  |TAMS 0x000000074c400000, 0x000000074c400000| Untracked 
|  54|0x000000074c600000, 0x000000074c600000, 0x000000074c800000|  0%| F|  |TAMS 0x000000074c600000, 0x000000074c600000| Untracked 
|  55|0x000000074c800000, 0x000000074c800000, 0x000000074ca00000|  0%| F|  |TAMS 0x000000074c800000, 0x000000074c800000| Untracked 
|  56|0x000000074ca00000, 0x000000074ca00000, 0x000000074cc00000|  0%| F|  |TAMS 0x000000074ca00000, 0x000000074ca00000| Untracked 
|  57|0x000000074cc00000, 0x000000074cc00000, 0x000000074ce00000|  0%| F|  |TAMS 0x000000074cc00000, 0x000000074cc00000| Untracked 
|  58|0x000000074ce00000, 0x000000074ce00000, 0x000000074d000000|  0%| F|  |TAMS 0x000000074ce00000, 0x000000074ce00000| Untracked 
|  59|0x000000074d000000, 0x000000074d000000, 0x000000074d200000|  0%| F|  |TAMS 0x000000074d000000, 0x000000074d000000| Untracked 
|  60|0x000000074d200000, 0x000000074d200000, 0x000000074d400000|  0%| F|  |TAMS 0x000000074d200000, 0x000000074d200000| Untracked 
|  61|0x000000074d400000, 0x000000074d400000, 0x000000074d600000|  0%| F|  |TAMS 0x000000074d400000, 0x000000074d400000| Untracked 
|  62|0x000000074d600000, 0x000000074d600000, 0x000000074d800000|  0%| F|  |TAMS 0x000000074d600000, 0x000000074d600000| Untracked 
|  63|0x000000074d800000, 0x000000074d800000, 0x000000074da00000|  0%| F|  |TAMS 0x000000074d800000, 0x000000074d800000| Untracked 
|  64|0x000000074da00000, 0x000000074da00000, 0x000000074dc00000|  0%| F|  |TAMS 0x000000074da00000, 0x000000074da00000| Untracked 
|  65|0x000000074dc00000, 0x000000074dc00000, 0x000000074de00000|  0%| F|  |TAMS 0x000000074dc00000, 0x000000074dc00000| Untracked 
|  66|0x000000074de00000, 0x000000074de00000, 0x000000074e000000|  0%| F|  |TAMS 0x000000074de00000, 0x000000074de00000| Untracked 
|  67|0x000000074e000000, 0x000000074e000000, 0x000000074e200000|  0%| F|  |TAMS 0x000000074e000000, 0x000000074e000000| Untracked 
|  68|0x000000074e200000, 0x000000074e200000, 0x000000074e400000|  0%| F|  |TAMS 0x000000074e200000, 0x000000074e200000| Untracked 
|  69|0x000000074e400000, 0x000000074e400000, 0x000000074e600000|  0%| F|  |TAMS 0x000000074e400000, 0x000000074e400000| Untracked 
|  70|0x000000074e600000, 0x000000074e600000, 0x000000074e800000|  0%| F|  |TAMS 0x000000074e600000, 0x000000074e600000| Untracked 
|  71|0x000000074e800000, 0x000000074e800000, 0x000000074ea00000|  0%| F|  |TAMS 0x000000074e800000, 0x000000074e800000| Untracked 
|  72|0x000000074ea00000, 0x000000074ea00000, 0x000000074ec00000|  0%| F|  |TAMS 0x000000074ea00000, 0x000000074ea00000| Untracked 
|  73|0x000000074ec00000, 0x000000074ec00000, 0x000000074ee00000|  0%| F|  |TAMS 0x000000074ec00000, 0x000000074ec00000| Untracked 
|  74|0x000000074ee00000, 0x000000074ee00000, 0x000000074f000000|  0%| F|  |TAMS 0x000000074ee00000, 0x000000074ee00000| Untracked 
|  75|0x000000074f000000, 0x000000074f000000, 0x000000074f200000|  0%| F|  |TAMS 0x000000074f000000, 0x000000074f000000| Untracked 
|  76|0x000000074f200000, 0x000000074f200000, 0x000000074f400000|  0%| F|  |TAMS 0x000000074f200000, 0x000000074f200000| Untracked 
|  77|0x000000074f400000, 0x000000074f400000, 0x000000074f600000|  0%| F|  |TAMS 0x000000074f400000, 0x000000074f400000| Untracked 
|  78|0x000000074f600000, 0x000000074f800000, 0x000000074f800000|100%| S|CS|TAMS 0x000000074f600000, 0x000000074f600000| Complete 
|  79|0x000000074f800000, 0x000000074fa00000, 0x000000074fa00000|100%| S|CS|TAMS 0x000000074f800000, 0x000000074f800000| Complete 
|  80|0x000000074fa00000, 0x000000074fa00000, 0x000000074fc00000|  0%| F|  |TAMS 0x000000074fa00000, 0x000000074fa00000| Untracked 
|  81|0x000000074fc00000, 0x000000074fc00000, 0x000000074fe00000|  0%| F|  |TAMS 0x000000074fc00000, 0x000000074fc00000| Untracked 
|  82|0x000000074fe00000, 0x000000074fe00000, 0x0000000750000000|  0%| F|  |TAMS 0x000000074fe00000, 0x000000074fe00000| Untracked 
|  83|0x0000000750000000, 0x0000000750000000, 0x0000000750200000|  0%| F|  |TAMS 0x0000000750000000, 0x0000000750000000| Untracked 
|  84|0x0000000750200000, 0x0000000750200800, 0x0000000750400000|  0%| E|  |TAMS 0x0000000750200000, 0x0000000750200000| Complete 
|  85|0x0000000750400000, 0x0000000750600000, 0x0000000750600000|100%| E|CS|TAMS 0x0000000750400000, 0x0000000750400000| Complete 
|  86|0x0000000750600000, 0x0000000750800000, 0x0000000750800000|100%| E|CS|TAMS 0x0000000750600000, 0x0000000750600000| Complete 
|  87|0x0000000750800000, 0x0000000750a00000, 0x0000000750a00000|100%| E|CS|TAMS 0x0000000750800000, 0x0000000750800000| Complete 
|  88|0x0000000750a00000, 0x0000000750c00000, 0x0000000750c00000|100%| E|CS|TAMS 0x0000000750a00000, 0x0000000750a00000| Complete 
|  89|0x0000000750c00000, 0x0000000750e00000, 0x0000000750e00000|100%| E|CS|TAMS 0x0000000750c00000, 0x0000000750c00000| Complete 
|  90|0x0000000750e00000, 0x0000000751000000, 0x0000000751000000|100%| E|CS|TAMS 0x0000000750e00000, 0x0000000750e00000| Complete 
|  91|0x0000000751000000, 0x0000000751200000, 0x0000000751200000|100%| E|CS|TAMS 0x0000000751000000, 0x0000000751000000| Complete 
|  92|0x0000000751200000, 0x0000000751400000, 0x0000000751400000|100%| E|CS|TAMS 0x0000000751200000, 0x0000000751200000| Complete 
|  93|0x0000000751400000, 0x0000000751600000, 0x0000000751600000|100%| E|CS|TAMS 0x0000000751400000, 0x0000000751400000| Complete 

Card table byte_map: [0x000001e37ac70000,0x000001e37b250000] _byte_map_base: 0x000001e377243000

Marking Bits (Prev, Next): (CMBitMap*) 0x000001e361551230, (CMBitMap*) 0x000001e361551270
 Prev Bits: [0x000001e37b830000, 0x000001e37e6c8000)
 Next Bits: [0x000001e300000000, 0x000001e302e98000)

Polling page: 0x000001e3615b0000

Metaspace:

Usage:
  Non-class:     13.68 MB used.
      Class:      1.77 MB used.
       Both:     15.45 MB used.

Virtual space:
  Non-class space:       64.00 MB reserved,      13.81 MB ( 22%) committed,  1 nodes.
      Class space:        1.00 GB reserved,       1.88 MB ( <1%) committed,  1 nodes.
             Both:        1.06 GB reserved,      15.69 MB (  1%) committed. 

Chunk freelists:
   Non-Class:  1.97 MB
       Class:  2.02 MB
        Both:  3.98 MB

MaxMetaspaceSize: unlimited
CompressedClassSpaceSize: 1.00 GB
Initial GC threshold: 21.00 MB
Current GC threshold: 21.00 MB
CDS: on
MetaspaceReclaimPolicy: balanced
 - commit_granule_bytes: 65536.
 - commit_granule_words: 8192.
 - virtual_space_node_default_size: 8388608.
 - enlarge_chunks_in_place: 1.
 - new_chunks_are_fully_committed: 0.
 - uncommit_free_chunks: 1.
 - use_allocation_guard: 0.


Internal statistics:

num_allocs_failed_limit: 0.
num_arena_births: 246.
num_arena_deaths: 0.
num_vsnodes_births: 2.
num_vsnodes_deaths: 0.
num_space_committed: 251.
num_space_uncommitted: 0.
num_chunks_returned_to_freelist: 0.
num_chunks_taken_from_freelist: 626.
num_chunk_merges: 0.
num_chunk_splits: 395.
num_chunks_enlarged: 292.
num_inconsistent_stats: 0.

CodeHeap 'non-profiled nmethods': size=120000Kb used=917Kb max_used=917Kb free=119082Kb
 bounds [0x000001e372700000, 0x000001e372970000, 0x000001e379c30000]
CodeHeap 'profiled nmethods': size=120000Kb used=4366Kb max_used=4366Kb free=115633Kb
 bounds [0x000001e36ac30000, 0x000001e36b080000, 0x000001e372160000]
CodeHeap 'non-nmethods': size=5760Kb used=1338Kb max_used=1373Kb free=4421Kb
 bounds [0x000001e372160000, 0x000001e3723d0000, 0x000001e372700000]
 total_blobs=2830 nmethods=2277 adapters=463
 compilation: enabled
              stopped_count=0, restarted_count=0
 full_count=0

Compilation events (20 events):
Event: 7.791 Thread 0x000001e37f178d90 nmethod 2264 0x000001e3727e3a90 code [0x000001e3727e3c20, 0x000001e3727e3cf8]
Event: 7.791 Thread 0x000001e37f178d90 2268       1       jdk.internal.net.http.TimeoutEvent::deadline (5 bytes)
Event: 7.791 Thread 0x000001e37f178d90 nmethod 2268 0x000001e3727e3d90 code [0x000001e3727e3f20, 0x000001e3727e3ff8]
Event: 7.791 Thread 0x000001e37f178d90 2269       1       jdk.internal.net.http.ConnectionPool$ExpiryList::purgeMaybeRequired (5 bytes)
Event: 7.791 Thread 0x000001e37f178d90 nmethod 2269 0x000001e3727e4090 code [0x000001e3727e4220, 0x000001e3727e42f8]
Event: 7.895 Thread 0x000001e37f178420 2270   !   4       java.lang.invoke.MemberName::getMethodType (211 bytes)
Event: 7.896 Thread 0x000001e37f178d90 2272       3       java.util.logging.Logger::isLoggable (27 bytes)
Event: 7.896 Thread 0x000001e37f178d90 nmethod 2272 0x000001e36b070f90 code [0x000001e36b071140, 0x000001e36b071318]
Event: 7.896 Thread 0x000001e37f178d90 2273       3       jdk.internal.net.http.HttpClientImpl::isSelectorThread (16 bytes)
Event: 7.896 Thread 0x000001e37f178d90 nmethod 2273 0x000001e36b071410 code [0x000001e36b0715a0, 0x000001e36b071738]
Event: 7.896 Thread 0x000001e37f178d90 2274       3       java.time.Instant::<init> (15 bytes)
Event: 7.896 Thread 0x000001e37f178d90 nmethod 2274 0x000001e36b071810 code [0x000001e36b0719c0, 0x000001e36b071b38]
Event: 7.896 Thread 0x000001e37f178d90 2275       3       java.time.Instant::create (49 bytes)
Event: 7.897 Thread 0x000001e37f178d90 nmethod 2275 0x000001e36b071c10 code [0x000001e36b071de0, 0x000001e36b0721c8]
Event: 7.897 Thread 0x000001e37f178d90 2276       3       java.lang.invoke.LambdaForm$MH/0x000000080101a000::invoke (25 bytes)
Event: 7.897 Thread 0x000001e37f178d90 nmethod 2276 0x000001e36b072310 code [0x000001e36b0724e0, 0x000001e36b072a38]
Event: 7.897 Thread 0x000001e37f178d90 2277       3       java.lang.Module::allows (60 bytes)
Event: 7.897 Thread 0x000001e37f178d90 nmethod 2277 0x000001e36b072b90 code [0x000001e36b072da0, 0x000001e36b0733e8]
Event: 7.898 Thread 0x000001e37f178d90 2278       3       java.lang.StringBuilder::append (6 bytes)
Event: 7.898 Thread 0x000001e37f178d90 nmethod 2278 0x000001e36b073510 code [0x000001e36b0736c0, 0x000001e36b073868]

GC Heap History (4 events):
Event: 0.471 GC heap before
{Heap before GC invocations=0 (full 0):
 garbage-first heap   total 192512K, used 20480K [0x0000000745a00000, 0x0000000800000000)
  region size 2048K, 11 young (22528K), 0 survivors (0K)
 Metaspace       used 6011K, committed 6208K, reserved 1114112K
  class space    used 594K, committed 704K, reserved 1048576K
}
Event: 0.475 GC heap after
{Heap after GC invocations=1 (full 0):
 garbage-first heap   total 192512K, used 6336K [0x0000000745a00000, 0x0000000800000000)
  region size 2048K, 2 young (4096K), 2 survivors (4096K)
 Metaspace       used 6011K, committed 6208K, reserved 1114112K
  class space    used 594K, committed 704K, reserved 1048576K
}
Event: 0.779 GC heap before
{Heap before GC invocations=1 (full 0):
 garbage-first heap   total 192512K, used 30912K [0x0000000745a00000, 0x0000000800000000)
  region size 2048K, 14 young (28672K), 2 survivors (4096K)
 Metaspace       used 10555K, committed 10688K, reserved 1114112K
  class space    used 1106K, committed 1152K, reserved 1048576K
}
Event: 0.787 GC heap after
{Heap after GC invocations=2 (full 0):
 garbage-first heap   total 192512K, used 12167K [0x0000000745a00000, 0x0000000800000000)
  region size 2048K, 2 young (4096K), 2 survivors (4096K)
 Metaspace       used 10555K, committed 10688K, reserved 1114112K
  class space    used 1106K, committed 1152K, reserved 1048576K
}

Dll operation events (9 events):
Event: 0.006 Loaded shared library C:\Program Files\Java\jdk-19\bin\java.dll
Event: 0.014 Loaded shared library C:\Program Files\Java\jdk-19\bin\jsvml.dll
Event: 0.066 Loaded shared library C:\Program Files\Java\jdk-19\bin\net.dll
Event: 0.067 Loaded shared library C:\Program Files\Java\jdk-19\bin\nio.dll
Event: 0.069 Loaded shared library C:\Program Files\Java\jdk-19\bin\zip.dll
Event: 0.145 Loaded shared library C:\Program Files\Java\jdk-19\bin\jimage.dll
Event: 0.223 Loaded shared library C:\Program Files\Java\jdk-19\bin\sunmscapi.dll
Event: 0.443 Loaded shared library C:\Program Files\Java\jdk-19\bin\verify.dll
Event: 0.661 Loaded shared library C:\Program Files\Java\jdk-19\bin\extnet.dll

Deoptimization events (20 events):
Event: 1.311 Thread 0x000001e30a24f030 Uncommon trap: trap_request=0xffffff45 fr.pc=0x000001e3727483b0 relative=0x0000000000000270
Event: 1.311 Thread 0x000001e30a24f030 Uncommon trap: reason=unstable_if action=reinterpret pc=0x000001e3727483b0 method=java.lang.invoke.VarHandle.checkAccessModeThenIsDirect(Ljava/lang/invoke/VarHandle$AccessDescriptor;)Z @ 4 c2
Event: 1.311 Thread 0x000001e30a24f030 DEOPT PACKING pc=0x000001e3727483b0 sp=0x00000085830fef90
Event: 1.311 Thread 0x000001e30a24f030 DEOPT UNPACKING pc=0x000001e3721ca5a3 sp=0x00000085830feee8 mode 2
Event: 2.060 Thread 0x000001e3614f49b0 Uncommon trap: trap_request=0xffffff45 fr.pc=0x000001e372779a1c relative=0x000000000000087c
Event: 2.060 Thread 0x000001e3614f49b0 Uncommon trap: reason=unstable_if action=reinterpret pc=0x000001e372779a1c method=java.util.HashMap.putVal(ILjava/lang/Object;Ljava/lang/Object;ZZ)Ljava/lang/Object; @ 81 c2
Event: 2.060 Thread 0x000001e3614f49b0 DEOPT PACKING pc=0x000001e372779a1c sp=0x00000085813fe290
Event: 2.060 Thread 0x000001e3614f49b0 DEOPT UNPACKING pc=0x000001e3721ca5a3 sp=0x00000085813fe1c8 mode 2
Event: 2.071 Thread 0x000001e3614f49b0 Uncommon trap: trap_request=0xffffff45 fr.pc=0x000001e3727bcb4c relative=0x0000000000000e0c
Event: 2.071 Thread 0x000001e3614f49b0 Uncommon trap: reason=unstable_if action=reinterpret pc=0x000001e3727bcb4c method=java.util.concurrent.ConcurrentHashMap.putVal(Ljava/lang/Object;Ljava/lang/Object;Z)Ljava/lang/Object; @ 231 c2
Event: 2.071 Thread 0x000001e3614f49b0 DEOPT PACKING pc=0x000001e3727bcb4c sp=0x00000085813fea10
Event: 2.071 Thread 0x000001e3614f49b0 DEOPT UNPACKING pc=0x000001e3721ca5a3 sp=0x00000085813fe980 mode 2
Event: 2.090 Thread 0x000001e3614f49b0 Uncommon trap: trap_request=0xffffff45 fr.pc=0x000001e372784374 relative=0x0000000000000a14
Event: 2.090 Thread 0x000001e3614f49b0 Uncommon trap: reason=unstable_if action=reinterpret pc=0x000001e372784374 method=java.lang.Integer.stringSize(I)I @ 19 c2
Event: 2.090 Thread 0x000001e3614f49b0 DEOPT PACKING pc=0x000001e372784374 sp=0x00000085813fe3a0
Event: 2.090 Thread 0x000001e3614f49b0 DEOPT UNPACKING pc=0x000001e3721ca5a3 sp=0x00000085813fe2a0 mode 2
Event: 7.894 Thread 0x000001e30a24f030 Uncommon trap: trap_request=0xffffff45 fr.pc=0x000001e3727788ec relative=0x00000000000007ec
Event: 7.894 Thread 0x000001e30a24f030 Uncommon trap: reason=unstable_if action=reinterpret pc=0x000001e3727788ec method=java.util.HashMap.putVal(ILjava/lang/Object;Ljava/lang/Object;ZZ)Ljava/lang/Object; @ 81 c2
Event: 7.894 Thread 0x000001e30a24f030 DEOPT PACKING pc=0x000001e3727788ec sp=0x00000085830feeb0
Event: 7.894 Thread 0x000001e30a24f030 DEOPT UNPACKING pc=0x000001e3721ca5a3 sp=0x00000085830fee60 mode 2

Classes loaded (20 events):
Event: 2.102 Loading class java/util/concurrent/locks/ReentrantReadWriteLock$FairSync
Event: 2.102 Loading class java/util/concurrent/locks/ReentrantReadWriteLock$FairSync done
Event: 2.111 Loading class sun/net/www/HeaderParser
Event: 2.111 Loading class sun/net/www/HeaderParser done
Event: 2.934 Loading class java/lang/ArrayIndexOutOfBoundsException
Event: 2.934 Loading class java/lang/ArrayIndexOutOfBoundsException done
Event: 6.027 Loading class java/io/UnsupportedEncodingException
Event: 6.027 Loading class java/io/UnsupportedEncodingException done
Event: 6.027 Loading class java/net/URLEncoder
Event: 6.027 Loading class java/net/URLEncoder done
Event: 6.027 Loading class java/io/CharArrayWriter
Event: 6.027 Loading class java/io/CharArrayWriter done
Event: 7.893 Loading class sun/net/ConnectionResetException
Event: 7.893 Loading class sun/net/ConnectionResetException done
Event: 7.895 Loading class java/util/concurrent/CompletionException
Event: 7.895 Loading class java/util/concurrent/CompletionException done
Event: 7.899 Loading class sun/misc/SharedSecrets
Event: 7.899 Loading class sun/misc/SharedSecrets done
Event: 7.899 Loading class java/util/TreeMap$EntrySpliterator
Event: 7.899 Loading class java/util/TreeMap$EntrySpliterator done

Classes unloaded (0 events):
No events

Classes redefined (0 events):
No events

Internal exceptions (20 events):
Event: 1.108 Thread 0x000001e30a2aedb0 Exception <a 'java/net/ConnectException'{0x0000000751207118}: Connection refused: no further information> (0x0000000751207118) 
thrown [s\open\src\hotspot\share\prims\jni.cpp, line 536]
Event: 1.129 Thread 0x000001e30a2aedb0 Exception <a 'java/net/ConnectException'{0x0000000751208250}: Connection refused: no further information> (0x0000000751208250) 
thrown [s\open\src\hotspot\share\prims\jni.cpp, line 536]
Event: 1.176 Thread 0x000001e3614f49b0 Exception <a 'java/lang/NoSuchMethodError'{0x00000007512a7a90}: 'int java.lang.invoke.DirectMethodHandle$Holder.invokeVirtual(java.lang.Object, java.lang.Object)'> (0x00000007512a7a90) 
thrown [s\open\src\hotspot\share\interpreter\linkResolver.cpp, line 774]
Event: 1.176 Thread 0x000001e3614f49b0 Exception <a 'java/lang/NoSuchMethodError'{0x00000007512ae060}: 'double java.lang.invoke.DirectMethodHandle$Holder.invokeVirtual(java.lang.Object, java.lang.Object)'> (0x00000007512ae060) 
thrown [s\open\src\hotspot\share\interpreter\linkResolver.cpp, line 774]
Event: 1.177 Thread 0x000001e3614f49b0 Exception <a 'java/lang/NoSuchMethodError'{0x00000007512b48f0}: 'float java.lang.invoke.DirectMethodHandle$Holder.invokeVirtual(java.lang.Object, java.lang.Object)'> (0x00000007512b48f0) 
thrown [s\open\src\hotspot\share\interpreter\linkResolver.cpp, line 774]
Event: 1.177 Thread 0x000001e3614f49b0 Exception <a 'java/lang/NoSuchMethodError'{0x00000007512bdbe0}: 'long java.lang.invoke.DirectMethodHandle$Holder.invokeVirtual(java.lang.Object, java.lang.Object)'> (0x00000007512bdbe0) 
thrown [s\open\src\hotspot\share\interpreter\linkResolver.cpp, line 774]
Event: 1.182 Thread 0x000001e3614f49b0 Exception <a 'java/lang/NoSuchMethodError'{0x00000007512eaaa0}: 'void java.lang.invoke.DirectMethodHandle$Holder.invokeStatic(java.lang.Object, java.lang.Object, java.lang.Object)'> (0x00000007512eaaa0) 
thrown [s\open\src\hotspot\share\interpreter\linkResolver.cpp, line 774]
Event: 1.212 Thread 0x000001e3614f49b0 Exception <a 'java/lang/NoSuchMethodError'{0x0000000751017578}: 'java.lang.Object java.lang.invoke.DirectMethodHandle$Holder.newInvokeSpecial(java.lang.Object, java.lang.Object, int, int)'> (0x0000000751017578) 
thrown [s\open\src\hotspot\share\interpreter\linkResolver.cpp, line 774]
Event: 1.212 Thread 0x000001e3614f49b0 Exception <a 'java/lang/NoSuchMethodError'{0x0000000751021fc0}: 'void java.lang.invoke.DirectMethodHandle$Holder.invokeStatic(java.lang.Object, java.lang.Object, int)'> (0x0000000751021fc0) 
thrown [s\open\src\hotspot\share\interpreter\linkResolver.cpp, line 774]
Event: 1.238 Thread 0x000001e3614f49b0 Exception <a 'java/lang/NoSuchMethodError'{0x000000075115a240}: 'java.lang.Object java.lang.invoke.DirectMethodHandle$Holder.newInvokeSpecial(java.lang.Object, java.lang.Object, java.lang.Object, java.lang.Object, java.lang.Object)'> (0x000000075115a240) 
thrown [s\open\src\hotspot\share\interpreter\linkResolver.cpp, line 774]
Event: 1.274 Thread 0x000001e3614f49b0 Exception <a 'java/lang/NoSuchMethodError'{0x0000000750fa2ef0}: 'void java.lang.invoke.DirectMethodHandle$Holder.invokeSpecial(java.lang.Object, java.lang.Object, java.lang.Object)'> (0x0000000750fa2ef0) 
thrown [s\open\src\hotspot\share\interpreter\linkResolver.cpp, line 774]
Event: 1.275 Thread 0x000001e3614f49b0 Exception <a 'java/lang/NoSuchMethodError'{0x0000000750fafed0}: 'void java.lang.invoke.DirectMethodHandle$Holder.invokeStatic(java.lang.Object, java.lang.Object, java.lang.Object, java.lang.Object)'> (0x0000000750fafed0) 
thrown [s\open\src\hotspot\share\interpreter\linkResolver.cpp, line 774]
Event: 1.294 Thread 0x000001e30a304080 Exception <a 'java/lang/NoSuchMethodError'{0x0000000750cd2790}: 'java.lang.Object java.lang.invoke.DirectMethodHandle$Holder.invokeSpecial(java.lang.Object, java.lang.Object, java.lang.Object, java.lang.Object, int)'> (0x0000000750cd2790) 
thrown [s\open\src\hotspot\share\interpreter\linkResolver.cpp, line 774]
Event: 1.294 Thread 0x000001e30a304080 Exception <a 'java/lang/NoSuchMethodError'{0x0000000750cd6368}: 'java.lang.Object java.lang.invoke.Invokers$Holder.linkToTargetMethod(java.lang.Object, java.lang.Object, int, java.lang.Object)'> (0x0000000750cd6368) 
thrown [s\open\src\hotspot\share\interpreter\linkResolver.cpp, line 774]
Event: 1.305 Thread 0x000001e30a304080 Exception <a 'java/lang/NoSuchMethodError'{0x0000000750d21470}: 'void java.lang.invoke.DirectMethodHandle$Holder.invokeSpecial(java.lang.Object, java.lang.Object, java.lang.Object, java.lang.Object, java.lang.Object)'> (0x0000000750d21470) 
thrown [s\open\src\hotspot\share\interpreter\linkResolver.cpp, line 774]
Event: 2.016 Thread 0x000001e30a304080 Exception <a 'java/lang/NoSuchMethodError'{0x0000000750a63990}: 'void java.lang.invoke.DirectMethodHandle$Holder.invokeSpecial(java.lang.Object, java.lang.Object, java.lang.Object, java.lang.Object, java.lang.Object, java.lang.Object, java.lang.Object)'> (0x0000000750a63990) 
thrown [s\open\src\hotspot\share\interpreter\linkResolver.cpp, line 774]
Event: 2.056 Thread 0x000001e3614f49b0 Exception <a 'java/lang/NoSuchMethodError'{0x0000000750bc94c8}: 'java.lang.Object java.lang.invoke.DirectMethodHandle$Holder.invokeSpecialIFC(java.lang.Object, java.lang.Object, java.lang.Object)'> (0x0000000750bc94c8) 
thrown [s\open\src\hotspot\share\interpreter\linkResolver.cpp, line 774]
Event: 7.894 Thread 0x000001e30a24f030 Exception <a 'sun/net/ConnectionResetException'{0x00000007505c3b90}: Connection reset> (0x00000007505c3b90) 
thrown [s\open\src\hotspot\share\prims\jni.cpp, line 536]
Event: 7.896 Thread 0x000001e30a24f030 Exception <a 'java/net/ConnectException'{0x00000007505c7aa0}: Connection refused: no further information> (0x00000007505c7aa0) 
thrown [s\open\src\hotspot\share\prims\jni.cpp, line 536]
Event: 7.899 Thread 0x000001e3614f49b0 Exception <a 'java/lang/ClassNotFoundException'{0x00000007505e53c8}: sun/misc/SharedSecrets> (0x00000007505e53c8) 
thrown [s\open\src\hotspot\share\classfile\systemDictionary.cpp, line 255]

VM Operations (20 events):
Event: 0.777 Executing VM operation: ICBufferFull
Event: 0.777 Executing VM operation: ICBufferFull done
Event: 0.779 Executing VM operation: G1CollectForAllocation
Event: 0.787 Executing VM operation: G1CollectForAllocation done
Event: 1.165 Executing VM operation: HandshakeAllThreads
Event: 1.165 Executing VM operation: HandshakeAllThreads done
Event: 1.167 Executing VM operation: HandshakeAllThreads
Event: 1.167 Executing VM operation: HandshakeAllThreads done
Event: 2.006 Executing VM operation: HandshakeAllThreads
Event: 2.006 Executing VM operation: HandshakeAllThreads done
Event: 2.006 Executing VM operation: Cleanup
Event: 2.006 Executing VM operation: Cleanup done
Event: 2.008 Executing VM operation: HandshakeAllThreads
Event: 2.008 Executing VM operation: HandshakeAllThreads done
Event: 3.009 Executing VM operation: Cleanup
Event: 3.010 Executing VM operation: Cleanup done
Event: 6.042 Executing VM operation: Cleanup
Event: 6.042 Executing VM operation: Cleanup done
Event: 7.055 Executing VM operation: Cleanup
Event: 7.056 Executing VM operation: Cleanup done

Events (20 events):
Event: 0.695 Thread 0x000001e309aec740 Thread added: 0x000001e309aec740
Event: 0.760 Thread 0x000001e30a24f030 Thread added: 0x000001e30a24f030
Event: 1.092 Thread 0x000001e30920ee80 Thread exited: 0x000001e30920ee80
Event: 1.095 Thread 0x000001e30920edf0 Thread added: 0x000001e30920edf0
Event: 1.097 Thread 0x000001e30a2ba300 Thread added: 0x000001e30a2ba300
Event: 1.097 Thread 0x000001e30a2ad840 Thread added: 0x000001e30a2ad840
Event: 1.102 Thread 0x000001e30a2aedb0 Thread added: 0x000001e30a2aedb0
Event: 1.166 Thread 0x000001e30a2b0b30 Thread added: 0x000001e30a2b0b30
Event: 1.287 Thread 0x000001e30a304080 Thread added: 0x000001e30a304080
Event: 1.316 Thread 0x000001e30a303b30 Thread added: 0x000001e30a303b30
Event: 1.316 Thread 0x000001e30a305b10 Thread added: 0x000001e30a305b10
Event: 2.006 Thread 0x000001e3091f51c0 Thread exited: 0x000001e3091f51c0
Event: 2.080 Thread 0x000001e30a36f480 Thread added: 0x000001e30a36f480
Event: 2.092 Thread 0x000001e30a304b20 Thread added: 0x000001e30a304b20
Event: 2.093 Thread 0x000001e30a305070 Thread added: 0x000001e30a305070
Event: 2.094 Thread 0x000001e30a3055c0 Thread added: 0x000001e30a3055c0
Event: 2.095 Thread 0x000001e30a3025f0 Thread added: 0x000001e30a3025f0
Event: 2.931 Thread 0x000001e30a36f480 Thread exited: 0x000001e30a36f480
Event: 6.169 Thread 0x000001e30a2b0b30 Thread exited: 0x000001e30a2b0b30
Event: 7.894 Thread 0x000001e30920edf0 Thread exited: 0x000001e30920edf0


Dynamic libraries:
0x00007ff6a7de0000 - 0x00007ff6a7df0000 	C:\Program Files\Java\jdk-19\bin\javaw.exe
0x00007ff9ce630000 - 0x00007ff9ce847000 	C:\WINDOWS\SYSTEM32\ntdll.dll
0x00007ff9cd600000 - 0x00007ff9cd6c4000 	C:\WINDOWS\System32\KERNEL32.DLL
0x00007ff9cbad0000 - 0x00007ff9cbe76000 	C:\WINDOWS\System32\KERNELBASE.dll
0x00007ff9cc120000 - 0x00007ff9cc231000 	C:\WINDOWS\System32\ucrtbase.dll
0x00007ff9ae9d0000 - 0x00007ff9ae9eb000 	C:\Program Files\Java\jdk-19\bin\VCRUNTIME140.dll
0x00007ff9ae9f0000 - 0x00007ff9aea08000 	C:\Program Files\Java\jdk-19\bin\jli.dll
0x00007ff9cd7d0000 - 0x00007ff9cd880000 	C:\WINDOWS\System32\ADVAPI32.dll
0x00007ff9cc4d0000 - 0x00007ff9cc577000 	C:\WINDOWS\System32\msvcrt.dll
0x00007ff9cc390000 - 0x00007ff9cc436000 	C:\WINDOWS\System32\sechost.dll
0x00007ff9cd4e0000 - 0x00007ff9cd5f7000 	C:\WINDOWS\System32\RPCRT4.dll
0x00007ff9cd880000 - 0x00007ff9cda2d000 	C:\WINDOWS\System32\USER32.dll
0x00007ff9cc360000 - 0x00007ff9cc386000 	C:\WINDOWS\System32\win32u.dll
0x00007ff9cd780000 - 0x00007ff9cd7a9000 	C:\WINDOWS\System32\GDI32.dll
0x00007ff9ae020000 - 0x00007ff9ae2b3000 	C:\WINDOWS\WinSxS\amd64_microsoft.windows.common-controls_6595b64144ccf1df_6.0.22621.2361_none_2712ced57382f843\COMCTL32.dll
0x00007ff9cb9b0000 - 0x00007ff9cbac8000 	C:\WINDOWS\System32\gdi32full.dll
0x00007ff9cc2c0000 - 0x00007ff9cc35a000 	C:\WINDOWS\System32\msvcp_win.dll
0x00007ff9bf7c0000 - 0x00007ff9bf7ca000 	C:\WINDOWS\SYSTEM32\VERSION.dll
0x00007ff9cdc00000 - 0x00007ff9cdc31000 	C:\WINDOWS\System32\IMM32.DLL
0x00007ff9b00e0000 - 0x00007ff9b00ec000 	C:\Program Files\Java\jdk-19\bin\vcruntime140_1.dll
0x00007ff9ae890000 - 0x00007ff9ae91e000 	C:\Program Files\Java\jdk-19\bin\msvcp140.dll
0x00007ff931c90000 - 0x00007ff932950000 	C:\Program Files\Java\jdk-19\bin\server\jvm.dll
0x00007ff9a6c10000 - 0x00007ff9a6c19000 	C:\WINDOWS\SYSTEM32\WSOCK32.dll
0x00007ff9cd010000 - 0x00007ff9cd081000 	C:\WINDOWS\System32\WS2_32.dll
0x00007ff9b9fd0000 - 0x00007ff9ba004000 	C:\WINDOWS\SYSTEM32\WINMM.dll
0x00007ff9caae0000 - 0x00007ff9caaf8000 	C:\WINDOWS\SYSTEM32\kernel.appcore.dll
0x00007ff9c8040000 - 0x00007ff9c804a000 	C:\Program Files\Java\jdk-19\bin\jimage.dll
0x00007ff9c90d0000 - 0x00007ff9c92fe000 	C:\WINDOWS\SYSTEM32\DBGHELP.DLL
0x00007ff9ccac0000 - 0x00007ff9cce4a000 	C:\WINDOWS\System32\combase.dll
0x00007ff9ce510000 - 0x00007ff9ce5e7000 	C:\WINDOWS\System32\OLEAUT32.dll
0x00007ff9b04c0000 - 0x00007ff9b04f2000 	C:\WINDOWS\SYSTEM32\dbgcore.DLL
0x00007ff9cc240000 - 0x00007ff9cc2ba000 	C:\WINDOWS\System32\bcryptPrimitives.dll
0x00007ff9c2cd0000 - 0x00007ff9c2cf6000 	C:\Program Files\Java\jdk-19\bin\java.dll
0x00007ff991c70000 - 0x00007ff991d47000 	C:\Program Files\Java\jdk-19\bin\jsvml.dll
0x00007ff9cdca0000 - 0x00007ff9ce4f8000 	C:\WINDOWS\System32\SHELL32.dll
0x00007ff9c98d0000 - 0x00007ff9ca1c2000 	C:\WINDOWS\SYSTEM32\windows.storage.dll
0x00007ff9c9790000 - 0x00007ff9c98ce000 	C:\WINDOWS\SYSTEM32\wintypes.dll
0x00007ff9cd3e0000 - 0x00007ff9cd4d3000 	C:\WINDOWS\System32\SHCORE.dll
0x00007ff9cd230000 - 0x00007ff9cd28e000 	C:\WINDOWS\System32\shlwapi.dll
0x00007ff9cb8e0000 - 0x00007ff9cb906000 	C:\WINDOWS\SYSTEM32\profapi.dll
0x00007ff9c2cb0000 - 0x00007ff9c2cc3000 	C:\Program Files\Java\jdk-19\bin\net.dll
0x00007ff9c13c0000 - 0x00007ff9c14f7000 	C:\WINDOWS\SYSTEM32\WINHTTP.dll
0x00007ff9caf60000 - 0x00007ff9cafc9000 	C:\WINDOWS\system32\mswsock.dll
0x00007ff9c2c90000 - 0x00007ff9c2ca6000 	C:\Program Files\Java\jdk-19\bin\nio.dll
0x00007ff9c2c70000 - 0x00007ff9c2c88000 	C:\Program Files\Java\jdk-19\bin\zip.dll
0x00007ff9b1310000 - 0x00007ff9b131e000 	C:\Program Files\Java\jdk-19\bin\sunmscapi.dll
0x00007ff9cbfb0000 - 0x00007ff9cc116000 	C:\WINDOWS\System32\CRYPT32.dll
0x00007ff9cb340000 - 0x00007ff9cb36d000 	C:\WINDOWS\SYSTEM32\ncrypt.dll
0x00007ff9cb300000 - 0x00007ff9cb337000 	C:\WINDOWS\SYSTEM32\NTASN1.dll
0x00007ff9cb1b0000 - 0x00007ff9cb1cb000 	C:\WINDOWS\SYSTEM32\CRYPTSP.dll
0x00007ff9caa40000 - 0x00007ff9caa75000 	C:\WINDOWS\system32\rsaenh.dll
0x00007ff9cb050000 - 0x00007ff9cb07c000 	C:\WINDOWS\SYSTEM32\USERENV.dll
0x00007ff9cb370000 - 0x00007ff9cb398000 	C:\WINDOWS\SYSTEM32\bcrypt.dll
0x00007ff9cb1d0000 - 0x00007ff9cb1dc000 	C:\WINDOWS\SYSTEM32\CRYPTBASE.dll
0x00007ff9ca430000 - 0x00007ff9ca45d000 	C:\WINDOWS\SYSTEM32\IPHLPAPI.DLL
0x00007ff9cc440000 - 0x00007ff9cc449000 	C:\WINDOWS\System32\NSI.dll
0x00007ff9bf7d0000 - 0x00007ff9bf7e9000 	C:\WINDOWS\SYSTEM32\dhcpcsvc6.DLL
0x00007ff9bdc50000 - 0x00007ff9bdc6f000 	C:\WINDOWS\SYSTEM32\dhcpcsvc.DLL
0x00007ff9ca510000 - 0x00007ff9ca609000 	C:\WINDOWS\SYSTEM32\DNSAPI.dll
0x00007ff9c2d50000 - 0x00007ff9c2d60000 	C:\Program Files\Java\jdk-19\bin\verify.dll
0x00007ff9b1300000 - 0x00007ff9b1308000 	C:\Program Files\Java\jdk-19\bin\extnet.dll
0x00007ff9bd6c0000 - 0x00007ff9bd6ca000 	C:\Windows\System32\rasadhlp.dll
0x00007ff9bec70000 - 0x00007ff9becf4000 	C:\WINDOWS\System32\fwpuclnt.dll
0x00007ff9a13b0000 - 0x00007ff9a13b8000 	C:\WINDOWS\system32\wshunix.dll

dbghelp: loaded successfully - version: 4.0.5 - missing functions: none
symbol engine: initialized successfully - sym options: 0x614 - pdb path: .;C:\Program Files\Java\jdk-19\bin;C:\WINDOWS\SYSTEM32;C:\WINDOWS\WinSxS\amd64_microsoft.windows.common-controls_6595b64144ccf1df_6.0.22621.2361_none_2712ced57382f843;C:\Program Files\Java\jdk-19\bin\server

VM Arguments:
jvm_args: -Dfile.encoding=UTF-8 -XX:+ShowCodeDetailsInExceptionMessages 
java_command: SamplePackage.framewprograms
java_class_path (initial): C:\Mohan\Automation\eclipse\Workspace\AutomationFramework\target\test-classes;C:\Mohan\Automation\eclipse\Workspace\AutomationFramework\target\classes;C:\Users\bevar\.m2\repository\org\seleniumhq\selenium\selenium-java\4.15.0\selenium-java-4.15.0.jar;C:\Users\bevar\.m2\repository\org\seleniumhq\selenium\selenium-api\4.15.0\selenium-api-4.15.0.jar;C:\Users\bevar\.m2\repository\org\seleniumhq\selenium\selenium-devtools-v117\4.15.0\selenium-devtools-v117-4.15.0.jar;C:\Users\bevar\.m2\repository\org\seleniumhq\selenium\selenium-devtools-v118\4.15.0\selenium-devtools-v118-4.15.0.jar;C:\Users\bevar\.m2\repository\org\seleniumhq\selenium\selenium-devtools-v119\4.15.0\selenium-devtools-v119-4.15.0.jar;C:\Users\bevar\.m2\repository\org\seleniumhq\selenium\selenium-devtools-v85\4.15.0\selenium-devtools-v85-4.15.0.jar;C:\Users\bevar\.m2\repository\org\seleniumhq\selenium\selenium-edge-driver\4.15.0\selenium-edge-driver-4.15.0.jar;C:\Users\bevar\.m2\repository\org\seleniumhq\selenium\selenium-firefox-driver\4.15.0\selenium-firefox-driver-4.15.0.jar;C:\Users\bevar\.m2\repository\org\seleniumhq\selenium\selenium-ie-driver\4.15.0\selenium-ie-driver-4.15.0.jar;C:\Users\bevar\.m2\repository\org\seleniumhq\selenium\selenium-safari-driver\4.15.0\selenium-safari-driver-4.15.0.jar;C:\Users\bevar\.m2\repository\org\seleniumhq\selenium\selenium-support\4.15.0\selenium-support-4.15.0.jar;C:\Users\bevar\.m2\repository\org\seleniumhq\selenium\selenium-remote-driver\4.15.0\selenium-remote-driver-4.15.0.jar;C:\Users\bevar\.m2\repository\com\google\auto\service\auto-service-annotations\1.1.1\auto-service-annotations-1.1.1.jar;C:\Users\bevar\.m2\repository\com\google\guava\guava\32.1.2-jre\guava-32.1.2-jre.jar;C:\Users\bevar\.m2\repository\com\google\guava\failureaccess\1.0.1\failureaccess-1.0.1.jar;C:\Users\bevar\.m2\repository\com\google\guava\listenablefuture\9999.0-empty-to-avoid-conflict-with-guava\listenablefuture-9999.0-empty-to-avoid-conflict-with-guava.jar;C:\Users\bevar\.m2\repository\com\google\code\findbugs\jsr305\3.0.2\jsr305-3.0.2.jar;C:\Users\bevar\.m2\repository\org\checkerframework\checker-qual\3.33.0\checker-qual-3.33.0.jar;C:\Users\bevar\.m2\repository\com\google\errorprone\error_prone_annotations\2.18.0\error_prone_annotations-2.18.0.jar;C:\Users\bevar\.m2\repository\com\google\j2objc\j2objc-annotations\2.8\j2objc-annotations-2.8.jar;C:\Users\bevar\.m2\repository\io\opentelemetry\opentelemetry-api\1.28.0\opentelemetry-api-1.28.0.jar;C:\Users\bevar\.m2\repository\io\opentelemetry\opentelemetry-context\1.28.0\opentelemetry-context-1.28.0.jar;C:\Users\bevar\.m2\repository\io\opentelemetry\opentelemetry-exporter-logging\1.28.0\opentelemetry-exporter-logging-1.28.0.jar;C:\Users\bevar\.m2\repository\io\opentelemetry\opentelemetry-sdk-metrics\1.28.0\opentelemetry-sdk-metrics-1.28.0.jar;C:\Users\bevar\.m2\repository\io\opentelemetry\opentelemetry-extension-incubator\1.28.0-alpha\opentelemetry-extension-incubator-1.28.0-alpha.jar;C:\Users\bevar\.m2\repository\io\opentelemetry\opentelemetry-sdk-logs\1.28.0\opentelemetry-sdk-logs-1.28.0.jar;C:\Users\bevar\.m2\repository\io\opentelemetry\opentelemetry-sdk-common\1.28.0\opentelemetry-sdk-common-1.28.0.jar;C:\Users\bevar\.m2\repository\io\opentelemetry\opentelemetry-sdk-extension-autoconfigure-spi\1.28.0\opentelemetry-sdk-extension-autoconfigure-spi-1.28.0.jar;C:\Users\bevar\.m2\repository\io\opentelemetry\opentelemetry-sdk-extension-autoconfigure\1.28.0\opentelemetry-sdk-extension-autoconfigure-1.28.0.jar;C:\Users\bevar\.m2\repository\io\opentelemetry\opentelemetry-api-events\1.28.0-alpha\opentelemetry-api-events-1.28.0-alpha.jar;C:\Users\bevar\.m2\repository\io\opentelemetry\opentelemetry-sdk-trace\1.28.0\opentelemetry-sdk-trace-1.28.0.jar;C:\Users\bevar\.m2\repository\io\opentelemetry\opentelemetry-sdk\1.28.0\opentelemetry-sdk-1.28.0.jar;C:\Users\bevar\.m2\repository\io\opentelemetry\opentelemetry-semconv\1.28.0-alpha\opentelemetry-semconv-1.28.0-alpha.jar;C:\Users\bevar\.m2\repository\net\bytebuddy\byte-buddy\1.14.5\byte-buddy-1.14.5.jar;C:\Users\bevar\.m2\repository\org\seleniumhq\selenium\selenium-http\4.15.0\selenium-http-4.15.0.jar;C:\Users\bevar\.m2\repository\dev\failsafe\failsafe\3.3.2\failsafe-3.3.2.jar;C:\Users\bevar\.m2\repository\org\seleniumhq\selenium\selenium-json\4.15.0\selenium-json-4.15.0.jar;C:\Users\bevar\.m2\repository\org\seleniumhq\selenium\selenium-manager\4.15.0\selenium-manager-4.15.0.jar;C:\Users\bevar\.m2\repository\org\seleniumhq\selenium\selenium-os\4.15.0\selenium-os-4.15.0.jar;C:\Users\bevar\.m2\repository\org\apache\commons\commons-exec\1.3\commons-exec-1.3.jar;C:\Users\bevar\.m2\repository\org\seleniumhq\selenium\selenium-chrome-driver\4.15.0\selenium-chrome-driver-4.15.0.jar;C:\Users\bevar\.m2\repository\org\seleniumhq\selenium\selenium-chromium-driver\4.15.0\selenium-chromium-driver-4.15.0.jar;C:\Users\bevar\.m2\repository\org\testng\testng\6.10\testng-6.10.jar;C:\Users\bevar\.m2\repository\com\beust\jcommander\1.48\jcommander-1.48.jar;C:\Users\bevar\.m2\repository\io\github\bonigarcia\webdrivermanager\5.6.0\webdrivermanager-5.6.0.jar;C:\Users\bevar\.m2\repository\org\slf4j\slf4j-api\2.0.9\slf4j-api-2.0.9.jar;C:\Users\bevar\.m2\repository\com\google\code\gson\gson\2.10.1\gson-2.10.1.jar;C:\Users\bevar\.m2\repository\com\github\docker-java\docker-java\3.3.3\docker-java-3.3.3.jar;C:\Users\bevar\.m2\repository\com\github\docker-java\docker-java-core\3.3.3\docker-java-core-3.3.3.jar;C:\Users\bevar\.m2\repository\com\github\docker-java\docker-java-api\3.3.3\docker-java-api-3.3.3.jar;C:\Users\bevar\.m2\repository\com\fasterxml\jackson\core\jackson-annotations\2.10.3\jackson-annotations-2.10.3.jar;C:\Users\bevar\.m2\repository\commons-io\commons-io\2.6\commons-io-2.6.jar;C:\Users\bevar\.m2\repository\com\fasterxml\jackson\core\jackson-databind\2.10.3\jackson-databind-2.10.3.jar;C:\Users\bevar\.m2\repository\com\fasterxml\jackson\core\jackson-core\2.10.3\jackson-core-2.10.3.jar;C:\Users\bevar\.m2\repository\org\bouncycastle\bcpkix-jdk18on\1.75\bcpkix-jdk18on-1.75.jar;C:\Users\bevar\.m2\repository\org\bouncycastle\bcprov-jdk18on\1.75\bcprov-jdk18on-1.75.jar;C:\Users\bevar\.m2\repository\org\bouncycastle\bcutil-jdk18on\1.75\bcutil-jdk18on-1.75.jar;C:\Users\bevar\.m2\repository\org\slf4j\jcl-over-slf4j\1.7.30\jcl-over-slf4j-1.7.30.jar;C:\Users\bevar\.m2\repository\com\github\docker-java\docker-java-transport-httpclient5\3.3.3\docker-java-transport-httpclient5-3.3.3.jar;C:\Users\bevar\.m2\repository\com\github\docker-java\docker-java-transport\3.3.3\docker-java-transport-3.3.3.jar;C:\Users\bevar\.m2\repository\net\java\dev\jna\jna\5.12.1\jna-5.12.1.jar;C:\Users\bevar\.m2\repository\org\brotli\dec\0.1.2\dec-0.1.2.jar;C:\Users\bevar\.m2\repository\org\apache\commons\commons-lang3\3.13.0\commons-lang3-3.13.0.jar;C:\Users\bevar\.m2\repository\org\apache\commons\commons-compress\1.24.0\commons-compress-1.24.0.jar;C:\Users\bevar\.m2\repository\org\apache\httpcomponents\client5\httpclient5\5.2.1\httpclient5-5.2.1.jar;C:\Users\bevar\.m2\repository\org\apache\httpcomponents\core5\httpcore5\5.2\httpcore5-5.2.jar;C:\Users\bevar\.m2\repository\org\apache\httpcomponents\core5\httpcore5-h2\5.2\httpcore5-h2-5.2.jar
Launcher Type: SUN_STANDARD

[Global flags]
     intx CICompilerCount                          = 4                                         {product} {ergonomic}
     uint ConcGCThreads                            = 2                                         {product} {ergonomic}
     uint G1ConcRefinementThreads                  = 8                                         {product} {ergonomic}
   size_t G1HeapRegionSize                         = 2097152                                   {product} {ergonomic}
    uintx GCDrainStackTargetSize                   = 64                                        {product} {ergonomic}
   size_t InitialHeapSize                          = 197132288                                 {product} {ergonomic}
   size_t MarkStackSize                            = 4194304                                   {product} {ergonomic}
   size_t MaxHeapSize                              = 3126853632                                {product} {ergonomic}
   size_t MaxNewSize                               = 1874853888                                {product} {ergonomic}
   size_t MinHeapDeltaBytes                        = 2097152                                   {product} {ergonomic}
   size_t MinHeapSize                              = 8388608                                   {product} {ergonomic}
    uintx NonNMethodCodeHeapSize                   = 5839372                                {pd product} {ergonomic}
    uintx NonProfiledCodeHeapSize                  = 122909434                              {pd product} {ergonomic}
    uintx ProfiledCodeHeapSize                     = 122909434                              {pd product} {ergonomic}
    uintx ReservedCodeCacheSize                    = 251658240                              {pd product} {ergonomic}
     bool SegmentedCodeCache                       = true                                      {product} {ergonomic}
     bool ShowCodeDetailsInExceptionMessages       = true                                   {manageable} {command line}
   size_t SoftMaxHeapSize                          = 3126853632                             {manageable} {ergonomic}
     bool UseCompressedClassPointers               = true                           {product lp64_product} {ergonomic}
     bool UseCompressedOops                        = true                           {product lp64_product} {ergonomic}
     bool UseG1GC                                  = true                                      {product} {ergonomic}
     bool UseLargePagesIndividualAllocation        = false                                  {pd product} {ergonomic}

Logging:
Log output configuration:
 #0: stdout all=warning uptime,level,tags foldmultilines=false
 #1: stderr all=off uptime,level,tags foldmultilines=false

Environment Variables:
JAVA_HOME=C:\Program Files\Java\jdk-19
PATH=C:/Program Files/Java/jdk-19/bin/server;C:/Program Files/Java/jdk-19/bin;C:\Program Files\Java\jdk-19\bin;C:\Program Files (x86)\Common Files\Oracle\Java\javapath;C:\windows\system32;C:\windows;C:\windows\System32\Wbem;C:\windows\System32\WindowsPowerShell\v1.0\;C:\windows\System32\OpenSSH\;C:\Program Files (x86)\NVIDIA Corporation\PhysX\Common;C:\Program Files\NVIDIA Corporation\NVIDIA NvDLISR;C:\Program Files\Java\jdk-19\bin;C:\Program Files\nodejs\;C:\ProgramData\chocolatey\bin;C:\WINDOWS\system32;C:\WINDOWS;C:\WINDOWS\System32\Wbem;C:\WINDOWS\System32\WindowsPowerShell\v1.0\;C:\WINDOWS\System32\OpenSSH\;C:\Program Files\Git\cmd;C:\Program Files\dotnet\;C:\Program Files\Common Files\Oracle\Java\javapath;C:\Users\bevar\AppData\Local\Microsoft\WindowsApps;C:\Users\bevar\AppData\Roaming\npm;C:\Users\bevar\AppData\Local\Programs\Microsoft VS Code\bin;;C:\Program Files\JetBrains\IntelliJ IDEA Community Edition 2023.1.1\bin;;C:\Program Files\JetBrains\IntelliJ IDEA Educational Edition 2022.2.2\bin;;C:\WINDOWS\system32;
USERNAME=bevar
OS=Windows_NT
PROCESSOR_IDENTIFIER=Intel64 Family 6 Model 140 Stepping 1, GenuineIntel
TMP=C:\Users\bevar\AppData\Local\Temp
TEMP=C:\Users\bevar\AppData\Local\Temp



---------------  S Y S T E M  ---------------

OS:
 Windows 11 , 64 bit Build 22621 (10.0.22621.2428)
OS uptime: 5 days 3:13 hours
Hyper-V role detected

CPU: total 8 (initial active 8) (4 cores per cpu, 2 threads per core) family 6 model 140 stepping 1 microcode 0xac, cx8, cmov, fxsr, ht, mmx, 3dnowpref, sse, sse2, sse3, ssse3, sse4.1, sse4.2, popcnt, lzcnt, tsc, tscinvbit, avx, avx2, aes, erms, clmul, bmi1, bmi2, adx, avx512f, avx512dq, avx512cd, avx512bw, avx512vl, sha, fma, vzeroupper, avx512_vpopcntdq, avx512_vpclmulqdq, avx512_vaes, avx512_vnni, clflush, clflushopt, clwb, avx512_vbmi2, avx512_vbmi, hv, rdtscp, rdpid, fsrm, gfni, avx512_bitalg

Memory: 4k page, system-wide physical 11927M (2482M free)
TotalPageFile size 42310M (AvailPageFile size 7M)
current process WorkingSet (physical memory assigned to process): 110M, peak: 122M
current process commit charge ("private bytes"): 304M, peak: 314M

vm_info: Java HotSpot(TM) 64-Bit Server VM (19.0.2+7-44) for windows-amd64 JRE (19.0.2+7-44), built on 2022-11-30T18:02:09Z by "mach5one" with MS VC++ 17.1 (VS2022)

END.
