#
# There is insufficient memory for the Java Runtime Environment to continue.
# Native memory allocation (malloc) failed to allocate 32744 bytes for Chunk::new
# Possible reasons:
#   The system is out of physical RAM or swap space
#   The process is running with CompressedOops enabled, and the Java Heap may be blocking the growth of the native heap
# Possible solutions:
#   Reduce memory load on the system
#   Increase physical memory or swap space
#   Check if swap backing store is full
#   Decrease Java heap size (-Xmx/-Xms)
#   Decrease number of Java threads
#   Decrease Java thread stack sizes (-Xss)
#   Set larger code cache with -XX:ReservedCodeCacheSize=
#   JVM is running with Zero Based Compressed Oops mode in which the Java heap is
#     placed in the first 32GB address space. The Java Heap base address is the
#     maximum limit for the native heap growth. Please use -XX:HeapBaseMinAddress
#     to set the Java Heap base and to place the Java Heap above 32GB virtual address.
# This output file may be truncated or incomplete.
#
#  Out of Memory Error (arena.cpp:184), pid=38212, tid=1680
#
# JRE version: Java(TM) SE Runtime Environment (19.0.2+7) (build 19.0.2+7-44)
# Java VM: Java HotSpot(TM) 64-Bit Server VM (19.0.2+7-44, mixed mode, sharing, tiered, compressed oops, compressed class ptrs, g1 gc, windows-amd64)
# No core dump will be written. Minidumps are not enabled by default on client versions of Windows
#

---------------  S U M M A R Y ------------

Command Line: -Dfile.encoding=UTF-8 -XX:+ShowCodeDetailsInExceptionMessages SamplePackage.Boostrapdropdown

Host: 11th Gen Intel(R) Core(TM) i5-1135G7 @ 2.40GHz, 8 cores, 11G,  Windows 11 , 64 bit Build 22621 (10.0.22621.2428)
Time: Fri Nov  3 13:43:05 2023 Eastern Daylight Time elapsed time: 0.136185 seconds (0d 0h 0m 0s)

---------------  T H R E A D  ---------------

Current thread (0x0000014ffd5cfee0):  JavaThread "C2 CompilerThread2" daemon [_thread_in_native, id=1680, stack(0x00000029c6700000,0x00000029c6800000)]


Current CompileTask:
C2:    136  236 %     4       java.util.jar.Manifest$FastInputStream::readLine @ 86 (296 bytes)

Stack: [0x00000029c6700000,0x00000029c6800000]
Native frames: (J=compiled Java code, j=interpreted, Vv=VM code, C=native code)
V  [jvm.dll+0x6ee21a]
V  [jvm.dll+0x85765e]
V  [jvm.dll+0x85904e]
V  [jvm.dll+0x859703]
V  [jvm.dll+0x28298f]
V  [jvm.dll+0xc9adf]
V  [jvm.dll+0xc9e65]
V  [jvm.dll+0xc9c04]
V  [jvm.dll+0x6cc6fc]
V  [jvm.dll+0x386f53]
V  [jvm.dll+0x38853a]
V  [jvm.dll+0x385eea]
V  [jvm.dll+0x38555a]
V  [jvm.dll+0x24c3d9]
V  [jvm.dll+0x24b781]
V  [jvm.dll+0x1d6ce1]
V  [jvm.dll+0x25b25a]
V  [jvm.dll+0x2596e8]
V  [jvm.dll+0x807588]
V  [jvm.dll+0x80125a]
V  [jvm.dll+0x6ecf0b]
C  [ucrtbase.dll+0x29363]
C  [KERNEL32.DLL+0x1257d]
C  [ntdll.dll+0x5aa78]


---------------  P R O C E S S  ---------------

Threads class SMR info:
_java_thread_list=0x0000014ffd47b1b0, length=14, elements={
0x0000014feb6a4550, 0x0000014ffd21bcd0, 0x0000014ffd21cdd0, 0x0000014ffd220020,
0x0000014ffd221c50, 0x0000014ffd224680, 0x0000014ffd2338e0, 0x0000014ffd236550,
0x0000014ffd236ec0, 0x0000014ffd239c50, 0x0000014ffd4737b0, 0x0000014ffd4811a0,
0x0000014ffd5fd890, 0x0000014ffd5cfee0
}

Java Threads: ( => current thread )
  0x0000014feb6a4550 JavaThread "main" [_thread_in_vm, id=11428, stack(0x00000029c5300000,0x00000029c5400000)]
  0x0000014ffd21bcd0 JavaThread "Reference Handler" daemon [_thread_blocked, id=31524, stack(0x00000029c5a00000,0x00000029c5b00000)]
  0x0000014ffd21cdd0 JavaThread "Finalizer" daemon [_thread_blocked, id=17924, stack(0x00000029c5b00000,0x00000029c5c00000)]
  0x0000014ffd220020 JavaThread "Signal Dispatcher" daemon [_thread_blocked, id=17232, stack(0x00000029c5c00000,0x00000029c5d00000)]
  0x0000014ffd221c50 JavaThread "Attach Listener" daemon [_thread_blocked, id=41628, stack(0x00000029c5d00000,0x00000029c5e00000)]
  0x0000014ffd224680 JavaThread "Service Thread" daemon [_thread_blocked, id=17316, stack(0x00000029c5e00000,0x00000029c5f00000)]
  0x0000014ffd2338e0 JavaThread "Monitor Deflation Thread" daemon [_thread_blocked, id=17816, stack(0x00000029c5f00000,0x00000029c6000000)]
  0x0000014ffd236550 JavaThread "C2 CompilerThread0" daemon [_thread_blocked, id=3492, stack(0x00000029c6000000,0x00000029c6100000)]
  0x0000014ffd236ec0 JavaThread "C1 CompilerThread0" daemon [_thread_blocked, id=34548, stack(0x00000029c6100000,0x00000029c6200000)]
  0x0000014ffd239c50 JavaThread "Sweeper thread" daemon [_thread_blocked, id=8376, stack(0x00000029c6200000,0x00000029c6300000)]
  0x0000014ffd4737b0 JavaThread "Notification Thread" daemon [_thread_blocked, id=42412, stack(0x00000029c6300000,0x00000029c6400000)]
  0x0000014ffd4811a0 JavaThread "Common-Cleaner" daemon [_thread_blocked, id=38588, stack(0x00000029c6500000,0x00000029c6600000)]
  0x0000014ffd5fd890 JavaThread "C2 CompilerThread1" daemon [_thread_blocked, id=31636, stack(0x00000029c6600000,0x00000029c6700000)]
=>0x0000014ffd5cfee0 JavaThread "C2 CompilerThread2" daemon [_thread_in_native, id=1680, stack(0x00000029c6700000,0x00000029c6800000)]

Other Threads:
  0x0000014ffd204e80 VMThread "VM Thread" [stack: 0x00000029c5900000,0x00000029c5a00000] [id=42876]
  0x0000014ffd477320 WatcherThread "VM Periodic Task Thread" [stack: 0x00000029c6400000,0x00000029c6500000] [id=13640]
  0x0000014feb700990 WorkerThread "GC Thread#0" [stack: 0x00000029c5400000,0x00000029c5500000] [id=38640]
  0x0000014feb70dc80 ConcurrentGCThread "G1 Main Marker" [stack: 0x00000029c5500000,0x00000029c5600000] [id=32304]
  0x0000014feb70e6b0 WorkerThread "G1 Conc#0" [stack: 0x00000029c5600000,0x00000029c5700000] [id=34140]
  0x0000014ffd0c30d0 ConcurrentGCThread "G1 Refine#0" [stack: 0x00000029c5700000,0x00000029c5800000] [id=36108]
  0x0000014ffd0c3c10 ConcurrentGCThread "G1 Service" [stack: 0x00000029c5800000,0x00000029c5900000] [id=36520]

Threads with active compile tasks:
C2 CompilerThread2      147  236 %     4       java.util.jar.Manifest$FastInputStream::readLine @ 86 (296 bytes)

VM state: not at safepoint (normal execution)

VM Mutex/Monitor currently owned by a thread:  ([mutex/lock_event])
[0x0000014feb69e530] Metaspace_lock - owner thread: 0x0000014feb6a4550

Heap address: 0x0000000745a00000, size: 2982 MB, Compressed Oops mode: Zero based, Oop shift amount: 3

CDS archive(s) mapped at: [0x0000000800000000-0x0000000800c40000-0x0000000800c40000), size 12845056, SharedBaseAddress: 0x0000000800000000, ArchiveRelocationMode: 0.
Compressed class space mapped at: 0x0000000801000000-0x0000000841000000, reserved size: 1073741824
Narrow klass base: 0x0000000800000000, Narrow klass shift: 0, Narrow klass range: 0x100000000

GC Precious Log:
 CardTable entry size: 512
 Card Set container configuration: InlinePtr #cards 4 size 8 Array Of Cards #cards 16 size 48 Howl #buckets 8 coarsen threshold 3686 Howl Bitmap #cards 512 size 80 coarsen threshold 460 Card regions per heap region 1 cards per card region 4096
 CPUs: 8 total, 8 available
 Memory: 11927M
 Large Page Support: Disabled
 NUMA Support: Disabled
 Compressed Oops: Enabled (Zero based)
 Heap Region Size: 2M
 Heap Min Capacity: 8M
 Heap Initial Capacity: 188M
 Heap Max Capacity: 2982M
 Pre-touch: Disabled
 Parallel Workers: 8
 Concurrent Workers: 2
 Concurrent Refinement Workers: 8
 Periodic GC: Disabled

Heap:
 garbage-first heap   total 192512K, used 6144K [0x0000000745a00000, 0x0000000800000000)
  region size 2048K, 5 young (10240K), 0 survivors (0K)
 Metaspace       used 457K, committed 576K, reserved 1114112K
  class space    used 30K, committed 128K, reserved 1048576K

Heap Regions: E=young(eden), S=young(survivor), O=old, HS=humongous(starts), HC=humongous(continues), CS=collection set, F=free, OA=open archive, CA=closed archive, TAMS=top-at-mark-start (previous, next)
|   0|0x0000000745a00000, 0x0000000745a00000, 0x0000000745c00000|  0%| F|  |TAMS 0x0000000745a00000, 0x0000000745a00000| Untracked 
|   1|0x0000000745c00000, 0x0000000745c00000, 0x0000000745e00000|  0%| F|  |TAMS 0x0000000745c00000, 0x0000000745c00000| Untracked 
|   2|0x0000000745e00000, 0x0000000745e00000, 0x0000000746000000|  0%| F|  |TAMS 0x0000000745e00000, 0x0000000745e00000| Untracked 
|   3|0x0000000746000000, 0x0000000746000000, 0x0000000746200000|  0%| F|  |TAMS 0x0000000746000000, 0x0000000746000000| Untracked 
|   4|0x0000000746200000, 0x0000000746200000, 0x0000000746400000|  0%| F|  |TAMS 0x0000000746200000, 0x0000000746200000| Untracked 
|   5|0x0000000746400000, 0x0000000746400000, 0x0000000746600000|  0%| F|  |TAMS 0x0000000746400000, 0x0000000746400000| Untracked 
|   6|0x0000000746600000, 0x0000000746600000, 0x0000000746800000|  0%| F|  |TAMS 0x0000000746600000, 0x0000000746600000| Untracked 
|   7|0x0000000746800000, 0x0000000746800000, 0x0000000746a00000|  0%| F|  |TAMS 0x0000000746800000, 0x0000000746800000| Untracked 
|   8|0x0000000746a00000, 0x0000000746a00000, 0x0000000746c00000|  0%| F|  |TAMS 0x0000000746a00000, 0x0000000746a00000| Untracked 
|   9|0x0000000746c00000, 0x0000000746c00000, 0x0000000746e00000|  0%| F|  |TAMS 0x0000000746c00000, 0x0000000746c00000| Untracked 
|  10|0x0000000746e00000, 0x0000000746e00000, 0x0000000747000000|  0%| F|  |TAMS 0x0000000746e00000, 0x0000000746e00000| Untracked 
|  11|0x0000000747000000, 0x0000000747000000, 0x0000000747200000|  0%| F|  |TAMS 0x0000000747000000, 0x0000000747000000| Untracked 
|  12|0x0000000747200000, 0x0000000747200000, 0x0000000747400000|  0%| F|  |TAMS 0x0000000747200000, 0x0000000747200000| Untracked 
|  13|0x0000000747400000, 0x0000000747400000, 0x0000000747600000|  0%| F|  |TAMS 0x0000000747400000, 0x0000000747400000| Untracked 
|  14|0x0000000747600000, 0x0000000747600000, 0x0000000747800000|  0%| F|  |TAMS 0x0000000747600000, 0x0000000747600000| Untracked 
|  15|0x0000000747800000, 0x0000000747800000, 0x0000000747a00000|  0%| F|  |TAMS 0x0000000747800000, 0x0000000747800000| Untracked 
|  16|0x0000000747a00000, 0x0000000747a00000, 0x0000000747c00000|  0%| F|  |TAMS 0x0000000747a00000, 0x0000000747a00000| Untracked 
|  17|0x0000000747c00000, 0x0000000747c00000, 0x0000000747e00000|  0%| F|  |TAMS 0x0000000747c00000, 0x0000000747c00000| Untracked 
|  18|0x0000000747e00000, 0x0000000747e00000, 0x0000000748000000|  0%| F|  |TAMS 0x0000000747e00000, 0x0000000747e00000| Untracked 
|  19|0x0000000748000000, 0x0000000748000000, 0x0000000748200000|  0%| F|  |TAMS 0x0000000748000000, 0x0000000748000000| Untracked 
|  20|0x0000000748200000, 0x0000000748200000, 0x0000000748400000|  0%| F|  |TAMS 0x0000000748200000, 0x0000000748200000| Untracked 
|  21|0x0000000748400000, 0x0000000748400000, 0x0000000748600000|  0%| F|  |TAMS 0x0000000748400000, 0x0000000748400000| Untracked 
|  22|0x0000000748600000, 0x0000000748600000, 0x0000000748800000|  0%| F|  |TAMS 0x0000000748600000, 0x0000000748600000| Untracked 
|  23|0x0000000748800000, 0x0000000748800000, 0x0000000748a00000|  0%| F|  |TAMS 0x0000000748800000, 0x0000000748800000| Untracked 
|  24|0x0000000748a00000, 0x0000000748a00000, 0x0000000748c00000|  0%| F|  |TAMS 0x0000000748a00000, 0x0000000748a00000| Untracked 
|  25|0x0000000748c00000, 0x0000000748c00000, 0x0000000748e00000|  0%| F|  |TAMS 0x0000000748c00000, 0x0000000748c00000| Untracked 
|  26|0x0000000748e00000, 0x0000000748e00000, 0x0000000749000000|  0%| F|  |TAMS 0x0000000748e00000, 0x0000000748e00000| Untracked 
|  27|0x0000000749000000, 0x0000000749000000, 0x0000000749200000|  0%| F|  |TAMS 0x0000000749000000, 0x0000000749000000| Untracked 
|  28|0x0000000749200000, 0x0000000749200000, 0x0000000749400000|  0%| F|  |TAMS 0x0000000749200000, 0x0000000749200000| Untracked 
|  29|0x0000000749400000, 0x0000000749400000, 0x0000000749600000|  0%| F|  |TAMS 0x0000000749400000, 0x0000000749400000| Untracked 
|  30|0x0000000749600000, 0x0000000749600000, 0x0000000749800000|  0%| F|  |TAMS 0x0000000749600000, 0x0000000749600000| Untracked 
|  31|0x0000000749800000, 0x0000000749800000, 0x0000000749a00000|  0%| F|  |TAMS 0x0000000749800000, 0x0000000749800000| Untracked 
|  32|0x0000000749a00000, 0x0000000749a00000, 0x0000000749c00000|  0%| F|  |TAMS 0x0000000749a00000, 0x0000000749a00000| Untracked 
|  33|0x0000000749c00000, 0x0000000749c00000, 0x0000000749e00000|  0%| F|  |TAMS 0x0000000749c00000, 0x0000000749c00000| Untracked 
|  34|0x0000000749e00000, 0x0000000749e00000, 0x000000074a000000|  0%| F|  |TAMS 0x0000000749e00000, 0x0000000749e00000| Untracked 
|  35|0x000000074a000000, 0x000000074a000000, 0x000000074a200000|  0%| F|  |TAMS 0x000000074a000000, 0x000000074a000000| Untracked 
|  36|0x000000074a200000, 0x000000074a200000, 0x000000074a400000|  0%| F|  |TAMS 0x000000074a200000, 0x000000074a200000| Untracked 
|  37|0x000000074a400000, 0x000000074a400000, 0x000000074a600000|  0%| F|  |TAMS 0x000000074a400000, 0x000000074a400000| Untracked 
|  38|0x000000074a600000, 0x000000074a600000, 0x000000074a800000|  0%| F|  |TAMS 0x000000074a600000, 0x000000074a600000| Untracked 
|  39|0x000000074a800000, 0x000000074a800000, 0x000000074aa00000|  0%| F|  |TAMS 0x000000074a800000, 0x000000074a800000| Untracked 
|  40|0x000000074aa00000, 0x000000074aa00000, 0x000000074ac00000|  0%| F|  |TAMS 0x000000074aa00000, 0x000000074aa00000| Untracked 
|  41|0x000000074ac00000, 0x000000074ac00000, 0x000000074ae00000|  0%| F|  |TAMS 0x000000074ac00000, 0x000000074ac00000| Untracked 
|  42|0x000000074ae00000, 0x000000074ae00000, 0x000000074b000000|  0%| F|  |TAMS 0x000000074ae00000, 0x000000074ae00000| Untracked 
|  43|0x000000074b000000, 0x000000074b000000, 0x000000074b200000|  0%| F|  |TAMS 0x000000074b000000, 0x000000074b000000| Untracked 
|  44|0x000000074b200000, 0x000000074b200000, 0x000000074b400000|  0%| F|  |TAMS 0x000000074b200000, 0x000000074b200000| Untracked 
|  45|0x000000074b400000, 0x000000074b400000, 0x000000074b600000|  0%| F|  |TAMS 0x000000074b400000, 0x000000074b400000| Untracked 
|  46|0x000000074b600000, 0x000000074b600000, 0x000000074b800000|  0%| F|  |TAMS 0x000000074b600000, 0x000000074b600000| Untracked 
|  47|0x000000074b800000, 0x000000074b800000, 0x000000074ba00000|  0%| F|  |TAMS 0x000000074b800000, 0x000000074b800000| Untracked 
|  48|0x000000074ba00000, 0x000000074ba00000, 0x000000074bc00000|  0%| F|  |TAMS 0x000000074ba00000, 0x000000074ba00000| Untracked 
|  49|0x000000074bc00000, 0x000000074bc00000, 0x000000074be00000|  0%| F|  |TAMS 0x000000074bc00000, 0x000000074bc00000| Untracked 
|  50|0x000000074be00000, 0x000000074be00000, 0x000000074c000000|  0%| F|  |TAMS 0x000000074be00000, 0x000000074be00000| Untracked 
|  51|0x000000074c000000, 0x000000074c000000, 0x000000074c200000|  0%| F|  |TAMS 0x000000074c000000, 0x000000074c000000| Untracked 
|  52|0x000000074c200000, 0x000000074c200000, 0x000000074c400000|  0%| F|  |TAMS 0x000000074c200000, 0x000000074c200000| Untracked 
|  53|0x000000074c400000, 0x000000074c400000, 0x000000074c600000|  0%| F|  |TAMS 0x000000074c400000, 0x000000074c400000| Untracked 
|  54|0x000000074c600000, 0x000000074c600000, 0x000000074c800000|  0%| F|  |TAMS 0x000000074c600000, 0x000000074c600000| Untracked 
|  55|0x000000074c800000, 0x000000074c800000, 0x000000074ca00000|  0%| F|  |TAMS 0x000000074c800000, 0x000000074c800000| Untracked 
|  56|0x000000074ca00000, 0x000000074ca00000, 0x000000074cc00000|  0%| F|  |TAMS 0x000000074ca00000, 0x000000074ca00000| Untracked 
|  57|0x000000074cc00000, 0x000000074cc00000, 0x000000074ce00000|  0%| F|  |TAMS 0x000000074cc00000, 0x000000074cc00000| Untracked 
|  58|0x000000074ce00000, 0x000000074ce00000, 0x000000074d000000|  0%| F|  |TAMS 0x000000074ce00000, 0x000000074ce00000| Untracked 
|  59|0x000000074d000000, 0x000000074d000000, 0x000000074d200000|  0%| F|  |TAMS 0x000000074d000000, 0x000000074d000000| Untracked 
|  60|0x000000074d200000, 0x000000074d200000, 0x000000074d400000|  0%| F|  |TAMS 0x000000074d200000, 0x000000074d200000| Untracked 
|  61|0x000000074d400000, 0x000000074d400000, 0x000000074d600000|  0%| F|  |TAMS 0x000000074d400000, 0x000000074d400000| Untracked 
|  62|0x000000074d600000, 0x000000074d600000, 0x000000074d800000|  0%| F|  |TAMS 0x000000074d600000, 0x000000074d600000| Untracked 
|  63|0x000000074d800000, 0x000000074d800000, 0x000000074da00000|  0%| F|  |TAMS 0x000000074d800000, 0x000000074d800000| Untracked 
|  64|0x000000074da00000, 0x000000074da00000, 0x000000074dc00000|  0%| F|  |TAMS 0x000000074da00000, 0x000000074da00000| Untracked 
|  65|0x000000074dc00000, 0x000000074dc00000, 0x000000074de00000|  0%| F|  |TAMS 0x000000074dc00000, 0x000000074dc00000| Untracked 
|  66|0x000000074de00000, 0x000000074de00000, 0x000000074e000000|  0%| F|  |TAMS 0x000000074de00000, 0x000000074de00000| Untracked 
|  67|0x000000074e000000, 0x000000074e000000, 0x000000074e200000|  0%| F|  |TAMS 0x000000074e000000, 0x000000074e000000| Untracked 
|  68|0x000000074e200000, 0x000000074e200000, 0x000000074e400000|  0%| F|  |TAMS 0x000000074e200000, 0x000000074e200000| Untracked 
|  69|0x000000074e400000, 0x000000074e400000, 0x000000074e600000|  0%| F|  |TAMS 0x000000074e400000, 0x000000074e400000| Untracked 
|  70|0x000000074e600000, 0x000000074e600000, 0x000000074e800000|  0%| F|  |TAMS 0x000000074e600000, 0x000000074e600000| Untracked 
|  71|0x000000074e800000, 0x000000074e800000, 0x000000074ea00000|  0%| F|  |TAMS 0x000000074e800000, 0x000000074e800000| Untracked 
|  72|0x000000074ea00000, 0x000000074ea00000, 0x000000074ec00000|  0%| F|  |TAMS 0x000000074ea00000, 0x000000074ea00000| Untracked 
|  73|0x000000074ec00000, 0x000000074ec00000, 0x000000074ee00000|  0%| F|  |TAMS 0x000000074ec00000, 0x000000074ec00000| Untracked 
|  74|0x000000074ee00000, 0x000000074ee00000, 0x000000074f000000|  0%| F|  |TAMS 0x000000074ee00000, 0x000000074ee00000| Untracked 
|  75|0x000000074f000000, 0x000000074f000000, 0x000000074f200000|  0%| F|  |TAMS 0x000000074f000000, 0x000000074f000000| Untracked 
|  76|0x000000074f200000, 0x000000074f200000, 0x000000074f400000|  0%| F|  |TAMS 0x000000074f200000, 0x000000074f200000| Untracked 
|  77|0x000000074f400000, 0x000000074f400000, 0x000000074f600000|  0%| F|  |TAMS 0x000000074f400000, 0x000000074f400000| Untracked 
|  78|0x000000074f600000, 0x000000074f600000, 0x000000074f800000|  0%| F|  |TAMS 0x000000074f600000, 0x000000074f600000| Untracked 
|  79|0x000000074f800000, 0x000000074f800000, 0x000000074fa00000|  0%| F|  |TAMS 0x000000074f800000, 0x000000074f800000| Untracked 
|  80|0x000000074fa00000, 0x000000074fa00000, 0x000000074fc00000|  0%| F|  |TAMS 0x000000074fa00000, 0x000000074fa00000| Untracked 
|  81|0x000000074fc00000, 0x000000074fc00000, 0x000000074fe00000|  0%| F|  |TAMS 0x000000074fc00000, 0x000000074fc00000| Untracked 
|  82|0x000000074fe00000, 0x000000074fe00000, 0x0000000750000000|  0%| F|  |TAMS 0x000000074fe00000, 0x000000074fe00000| Untracked 
|  83|0x0000000750000000, 0x0000000750000000, 0x0000000750200000|  0%| F|  |TAMS 0x0000000750000000, 0x0000000750000000| Untracked 
|  84|0x0000000750200000, 0x0000000750200000, 0x0000000750400000|  0%| F|  |TAMS 0x0000000750200000, 0x0000000750200000| Untracked 
|  85|0x0000000750400000, 0x0000000750400000, 0x0000000750600000|  0%| F|  |TAMS 0x0000000750400000, 0x0000000750400000| Untracked 
|  86|0x0000000750600000, 0x0000000750600000, 0x0000000750800000|  0%| F|  |TAMS 0x0000000750600000, 0x0000000750600000| Untracked 
|  87|0x0000000750800000, 0x0000000750800000, 0x0000000750a00000|  0%| F|  |TAMS 0x0000000750800000, 0x0000000750800000| Untracked 
|  88|0x0000000750a00000, 0x0000000750a00000, 0x0000000750c00000|  0%| F|  |TAMS 0x0000000750a00000, 0x0000000750a00000| Untracked 
|  89|0x0000000750c00000, 0x0000000750c719b0, 0x0000000750e00000| 22%| E|  |TAMS 0x0000000750c00000, 0x0000000750c00000| Complete 
|  90|0x0000000750e00000, 0x0000000751000000, 0x0000000751000000|100%| E|CS|TAMS 0x0000000750e00000, 0x0000000750e00000| Complete 
|  91|0x0000000751000000, 0x0000000751200000, 0x0000000751200000|100%| E|  |TAMS 0x0000000751000000, 0x0000000751000000| Complete 
|  92|0x0000000751200000, 0x0000000751400000, 0x0000000751400000|100%| E|CS|TAMS 0x0000000751200000, 0x0000000751200000| Complete 
|  93|0x0000000751400000, 0x0000000751600000, 0x0000000751600000|100%| E|CS|TAMS 0x0000000751400000, 0x0000000751400000| Complete 

Card table byte_map: [0x0000014ff3f10000,0x0000014ff44f0000] _byte_map_base: 0x0000014ff04e3000

Marking Bits (Prev, Next): (CMBitMap*) 0x0000014feb700fc0, (CMBitMap*) 0x0000014feb701000
 Prev Bits: [0x0000014ff4ad0000, 0x0000014ff7968000)
 Next Bits: [0x0000014ff7970000, 0x0000014ffa808000)

Polling page: 0x0000014feae60000

Metaspace:

Usage:
  Non-class:    426.85 KB used.
      Class:     30.36 KB used.
       Both:    457.21 KB used.

Virtual space:
  Non-class space:       64.00 MB reserved,     448.00 KB ( <1%) committed,  1 nodes.
      Class space:        1.00 GB reserved,     128.00 KB ( <1%) committed,  1 nodes.
             Both:        1.06 GB reserved,     576.00 KB ( <1%) committed. 

Chunk freelists:
   Non-Class:  3.86 MB
       Class:  3.73 MB
        Both:  7.59 MB

MaxMetaspaceSize: unlimited
CompressedClassSpaceSize: 1.00 GB
Initial GC threshold: 21.00 MB
Current GC threshold: 21.00 MB
CDS: on
MetaspaceReclaimPolicy: balanced
 - commit_granule_bytes: 65536.
 - commit_granule_words: 8192.
 - virtual_space_node_default_size: 8388608.
 - enlarge_chunks_in_place: 1.
 - new_chunks_are_fully_committed: 0.
 - uncommit_free_chunks: 1.
 - use_allocation_guard: 0.


Internal statistics:

num_allocs_failed_limit: 0.
num_arena_births: 4.
num_arena_deaths: 0.
num_vsnodes_births: 2.
num_vsnodes_deaths: 0.
num_space_committed: 9.
num_space_uncommitted: 0.
num_chunks_returned_to_freelist: 0.
num_chunks_taken_from_freelist: 13.
num_chunk_merges: 0.
num_chunk_splits: 10.
num_chunks_enlarged: 7.
num_inconsistent_stats: 0.

CodeHeap 'non-profiled nmethods': size=120000Kb used=71Kb max_used=71Kb free=119928Kb
 bounds [0x0000014f87ad0000, 0x0000014f87d40000, 0x0000014f8f000000]
CodeHeap 'profiled nmethods': size=120000Kb used=412Kb max_used=412Kb free=119587Kb
 bounds [0x0000014f80000000, 0x0000014f80270000, 0x0000014f87530000]
CodeHeap 'non-nmethods': size=5760Kb used=1161Kb max_used=1177Kb free=4598Kb
 bounds [0x0000014f87530000, 0x0000014f877a0000, 0x0000014f87ad0000]
 total_blobs=584 nmethods=257 adapters=238
 compilation: enabled
              stopped_count=0, restarted_count=0
 full_count=0

Compilation events (20 events):
Event: 0.133 Thread 0x0000014ffd236550 nmethod 237% 0x0000014f87adfc90 code [0x0000014f87adfe20, 0x0000014f87ae0098]
Event: 0.133 Thread 0x0000014ffd236550  245       4       java.lang.ref.Reference::reachabilityFence (1 bytes)
Event: 0.133 Thread 0x0000014ffd236550 nmethod 245 0x0000014f87ae0210 code [0x0000014f87ae0380, 0x0000014f87ae03d8]
Event: 0.133 Thread 0x0000014ffd236550  241       4       sun.nio.fs.WindowsPathParser::isInvalidPathChar (22 bytes)
Event: 0.133 Thread 0x0000014ffd236ec0 nmethod 243 0x0000014f8005c510 code [0x0000014f8005c760, 0x0000014f8005d2b8]
Event: 0.133 Thread 0x0000014ffd236ec0  244   !   3       jdk.internal.ref.PhantomCleanable::insert (53 bytes)
Event: 0.134 Thread 0x0000014ffd236ec0 nmethod 244 0x0000014f8005d610 code [0x0000014f8005d7c0, 0x0000014f8005db58]
Event: 0.134 Thread 0x0000014ffd236ec0  246       3       java.lang.StringLatin1::newString (24 bytes)
Event: 0.134 Thread 0x0000014ffd236ec0 nmethod 246 0x0000014f8005dd10 code [0x0000014f8005dee0, 0x0000014f8005e208]
Event: 0.134 Thread 0x0000014ffd236ec0  247       3       java.lang.ThreadLocal::getMap (5 bytes)
Event: 0.134 Thread 0x0000014ffd236ec0 nmethod 247 0x0000014f8005e310 code [0x0000014f8005e4a0, 0x0000014f8005e5b8]
Event: 0.134 Thread 0x0000014ffd236ec0  248       3       jdk.internal.misc.CarrierThreadLocal::get (10 bytes)
Event: 0.134 Thread 0x0000014ffd236ec0 nmethod 248 0x0000014f8005e690 code [0x0000014f8005e840, 0x0000014f8005eb08]
Event: 0.134 Thread 0x0000014ffd236ec0  249       3       java.lang.System$2::getCarrierThreadLocal (5 bytes)
Event: 0.134 Thread 0x0000014ffd236550 nmethod 241 0x0000014f87ae0510 code [0x0000014f87ae06a0, 0x0000014f87ae0818]
Event: 0.134 Thread 0x0000014ffd236ec0 nmethod 249 0x0000014f8005ec10 code [0x0000014f8005edc0, 0x0000014f8005f028]
Event: 0.134 Thread 0x0000014ffd236ec0  250       3       java.lang.ThreadLocal$ThreadLocalMap::getEntry (42 bytes)
Event: 0.135 Thread 0x0000014ffd236ec0 nmethod 250 0x0000014f8005f110 code [0x0000014f8005f2e0, 0x0000014f8005f6b8]
Event: 0.135 Thread 0x0000014ffd236ec0  252   !   3       java.lang.String::<init> (884 bytes)
Event: 0.135 Thread 0x0000014ffd236550  253       4       java.lang.StringCoding::countPositives (33 bytes)

GC Heap History (0 events):
No events

Dll operation events (5 events):
Event: 0.006 Loaded shared library C:\Program Files\Java\jdk-19\bin\java.dll
Event: 0.016 Loaded shared library C:\Program Files\Java\jdk-19\bin\jsvml.dll
Event: 0.079 Loaded shared library C:\Program Files\Java\jdk-19\bin\net.dll
Event: 0.080 Loaded shared library C:\Program Files\Java\jdk-19\bin\nio.dll
Event: 0.082 Loaded shared library C:\Program Files\Java\jdk-19\bin\zip.dll

Deoptimization events (16 events):
Event: 0.072 Thread 0x0000014feb6a4550 Uncommon trap: trap_request=0xffffff45 fr.pc=0x0000014f87ad1948 relative=0x00000000000000a8
Event: 0.072 Thread 0x0000014feb6a4550 Uncommon trap: reason=unstable_if action=reinterpret pc=0x0000014f87ad1948 method=java.lang.String.isLatin1()Z @ 10 c2
Event: 0.072 Thread 0x0000014feb6a4550 DEOPT PACKING pc=0x0000014f87ad1948 sp=0x00000029c53fee20
Event: 0.072 Thread 0x0000014feb6a4550 DEOPT UNPACKING pc=0x0000014f8759a5a3 sp=0x00000029c53fed60 mode 2
Event: 0.097 Thread 0x0000014feb6a4550 DEOPT PACKING pc=0x0000014f80016fe7 sp=0x00000029c53fd770
Event: 0.097 Thread 0x0000014feb6a4550 DEOPT UNPACKING pc=0x0000014f8759b0e3 sp=0x00000029c53fcb90 mode 0
Event: 0.100 Thread 0x0000014feb6a4550 DEOPT PACKING pc=0x0000014f80007351 sp=0x00000029c53fdee0
Event: 0.100 Thread 0x0000014feb6a4550 DEOPT UNPACKING pc=0x0000014f8759b0e3 sp=0x00000029c53fd358 mode 0
Event: 0.103 Thread 0x0000014feb6a4550 DEOPT PACKING pc=0x0000014f80007351 sp=0x00000029c53fdb10
Event: 0.103 Thread 0x0000014feb6a4550 DEOPT UNPACKING pc=0x0000014f8759b0e3 sp=0x00000029c53fcf88 mode 0
Event: 0.119 Thread 0x0000014feb6a4550 Uncommon trap: trap_request=0xffffff45 fr.pc=0x0000014f87adae14 relative=0x0000000000000174
Event: 0.119 Thread 0x0000014feb6a4550 Uncommon trap: reason=unstable_if action=reinterpret pc=0x0000014f87adae14 method=java.util.zip.ZipFile$Source.isMetaName([BII)Z @ 43 c2
Event: 0.119 Thread 0x0000014feb6a4550 DEOPT PACKING pc=0x0000014f87adae14 sp=0x00000029c53fa1f0
Event: 0.119 Thread 0x0000014feb6a4550 DEOPT UNPACKING pc=0x0000014f8759a5a3 sp=0x00000029c53fa198 mode 2
Event: 0.135 Thread 0x0000014feb6a4550 DEOPT PACKING pc=0x0000014f80049dde sp=0x00000029c53fa730
Event: 0.135 Thread 0x0000014feb6a4550 DEOPT UNPACKING pc=0x0000014f8759b0e3 sp=0x00000029c53f9c08 mode 0

Classes loaded (10 events):
Event: 0.072 Loading class jdk/internal/loader/URLClassPath$FileLoader
Event: 0.073 Loading class jdk/internal/loader/URLClassPath$FileLoader done
Event: 0.073 Loading class jdk/internal/loader/URLClassPath$FileLoader$1
Event: 0.073 Loading class jdk/internal/loader/URLClassPath$FileLoader$1 done
Event: 0.111 Loading class javax/xml/namespace/NamespaceContext
Event: 0.111 Loading class javax/xml/namespace/NamespaceContext done
Event: 0.116 Loading class java/net/MalformedURLException
Event: 0.116 Loading class java/io/IOException
Event: 0.116 Loading class java/io/IOException done
Event: 0.116 Loading class java/net/MalformedURLException done

Classes unloaded (0 events):
No events

Classes redefined (0 events):
No events

Internal exceptions (0 events):
No events

VM Operations (2 events):
Event: 0.082 Executing VM operation: HandshakeAllThreads
Event: 0.082 Executing VM operation: HandshakeAllThreads done

Events (14 events):
Event: 0.017 Thread 0x0000014feb6a4550 Thread added: 0x0000014feb6a4550
Event: 0.028 Thread 0x0000014ffd21bcd0 Thread added: 0x0000014ffd21bcd0
Event: 0.028 Thread 0x0000014ffd21cdd0 Thread added: 0x0000014ffd21cdd0
Event: 0.029 Thread 0x0000014ffd220020 Thread added: 0x0000014ffd220020
Event: 0.029 Thread 0x0000014ffd221c50 Thread added: 0x0000014ffd221c50
Event: 0.029 Thread 0x0000014ffd224680 Thread added: 0x0000014ffd224680
Event: 0.029 Thread 0x0000014ffd2338e0 Thread added: 0x0000014ffd2338e0
Event: 0.029 Thread 0x0000014ffd236550 Thread added: 0x0000014ffd236550
Event: 0.030 Thread 0x0000014ffd236ec0 Thread added: 0x0000014ffd236ec0
Event: 0.030 Thread 0x0000014ffd239c50 Thread added: 0x0000014ffd239c50
Event: 0.071 Thread 0x0000014ffd4737b0 Thread added: 0x0000014ffd4737b0
Event: 0.074 Thread 0x0000014ffd4811a0 Thread added: 0x0000014ffd4811a0
Event: 0.100 Thread 0x0000014ffd5fd890 Thread added: 0x0000014ffd5fd890
Event: 0.103 Thread 0x0000014ffd5cfee0 Thread added: 0x0000014ffd5cfee0


Dynamic libraries:
0x00007ff6a7de0000 - 0x00007ff6a7df0000 	C:\Program Files\Java\jdk-19\bin\javaw.exe
0x00007ff9ce630000 - 0x00007ff9ce847000 	C:\WINDOWS\SYSTEM32\ntdll.dll
0x00007ff9cd600000 - 0x00007ff9cd6c4000 	C:\WINDOWS\System32\KERNEL32.DLL
0x00007ff9cbad0000 - 0x00007ff9cbe76000 	C:\WINDOWS\System32\KERNELBASE.dll
0x00007ff9cc120000 - 0x00007ff9cc231000 	C:\WINDOWS\System32\ucrtbase.dll
0x00007ff9ae9d0000 - 0x00007ff9ae9eb000 	C:\Program Files\Java\jdk-19\bin\VCRUNTIME140.dll
0x00007ff9ae9f0000 - 0x00007ff9aea08000 	C:\Program Files\Java\jdk-19\bin\jli.dll
0x00007ff9cd7d0000 - 0x00007ff9cd880000 	C:\WINDOWS\System32\ADVAPI32.dll
0x00007ff9cc4d0000 - 0x00007ff9cc577000 	C:\WINDOWS\System32\msvcrt.dll
0x00007ff9cc390000 - 0x00007ff9cc436000 	C:\WINDOWS\System32\sechost.dll
0x00007ff9cd4e0000 - 0x00007ff9cd5f7000 	C:\WINDOWS\System32\RPCRT4.dll
0x00007ff9cd880000 - 0x00007ff9cda2d000 	C:\WINDOWS\System32\USER32.dll
0x00007ff9cc360000 - 0x00007ff9cc386000 	C:\WINDOWS\System32\win32u.dll
0x00007ff9ae020000 - 0x00007ff9ae2b3000 	C:\WINDOWS\WinSxS\amd64_microsoft.windows.common-controls_6595b64144ccf1df_6.0.22621.2361_none_2712ced57382f843\COMCTL32.dll
0x00007ff9cd780000 - 0x00007ff9cd7a9000 	C:\WINDOWS\System32\GDI32.dll
0x00007ff9cb9b0000 - 0x00007ff9cbac8000 	C:\WINDOWS\System32\gdi32full.dll
0x00007ff9cc2c0000 - 0x00007ff9cc35a000 	C:\WINDOWS\System32\msvcp_win.dll
0x00007ff9bf7c0000 - 0x00007ff9bf7ca000 	C:\WINDOWS\SYSTEM32\VERSION.dll
0x00007ff9cdc00000 - 0x00007ff9cdc31000 	C:\WINDOWS\System32\IMM32.DLL
0x00007ff9b00e0000 - 0x00007ff9b00ec000 	C:\Program Files\Java\jdk-19\bin\vcruntime140_1.dll
0x00007ff9ae890000 - 0x00007ff9ae91e000 	C:\Program Files\Java\jdk-19\bin\msvcp140.dll
0x00007ff931c90000 - 0x00007ff932950000 	C:\Program Files\Java\jdk-19\bin\server\jvm.dll
0x00007ff9a6c10000 - 0x00007ff9a6c19000 	C:\WINDOWS\SYSTEM32\WSOCK32.dll
0x00007ff9b9fd0000 - 0x00007ff9ba004000 	C:\WINDOWS\SYSTEM32\WINMM.dll
0x00007ff9cd010000 - 0x00007ff9cd081000 	C:\WINDOWS\System32\WS2_32.dll
0x00007ff9caae0000 - 0x00007ff9caaf8000 	C:\WINDOWS\SYSTEM32\kernel.appcore.dll
0x00007ff9c8040000 - 0x00007ff9c804a000 	C:\Program Files\Java\jdk-19\bin\jimage.dll
0x00007ff9c90d0000 - 0x00007ff9c92fe000 	C:\WINDOWS\SYSTEM32\DBGHELP.DLL
0x00007ff9ccac0000 - 0x00007ff9cce4a000 	C:\WINDOWS\System32\combase.dll
0x00007ff9ce510000 - 0x00007ff9ce5e7000 	C:\WINDOWS\System32\OLEAUT32.dll
0x00007ff9b04c0000 - 0x00007ff9b04f2000 	C:\WINDOWS\SYSTEM32\dbgcore.DLL
0x00007ff9cc240000 - 0x00007ff9cc2ba000 	C:\WINDOWS\System32\bcryptPrimitives.dll
0x00007ff9c2cd0000 - 0x00007ff9c2cf6000 	C:\Program Files\Java\jdk-19\bin\java.dll
0x00007ff991c70000 - 0x00007ff991d47000 	C:\Program Files\Java\jdk-19\bin\jsvml.dll
0x00007ff9cdca0000 - 0x00007ff9ce4f8000 	C:\WINDOWS\System32\SHELL32.dll
0x00007ff9c98d0000 - 0x00007ff9ca1c2000 	C:\WINDOWS\SYSTEM32\windows.storage.dll
0x00007ff9c9790000 - 0x00007ff9c98ce000 	C:\WINDOWS\SYSTEM32\wintypes.dll
0x00007ff9cd3e0000 - 0x00007ff9cd4d3000 	C:\WINDOWS\System32\SHCORE.dll
0x00007ff9cd230000 - 0x00007ff9cd28e000 	C:\WINDOWS\System32\shlwapi.dll
0x00007ff9cb8e0000 - 0x00007ff9cb906000 	C:\WINDOWS\SYSTEM32\profapi.dll
0x00007ff9c2cb0000 - 0x00007ff9c2cc3000 	C:\Program Files\Java\jdk-19\bin\net.dll
0x00007ff9c13c0000 - 0x00007ff9c14f7000 	C:\WINDOWS\SYSTEM32\WINHTTP.dll
0x00007ff9caf60000 - 0x00007ff9cafc9000 	C:\WINDOWS\system32\mswsock.dll
0x00007ff9c2c90000 - 0x00007ff9c2ca6000 	C:\Program Files\Java\jdk-19\bin\nio.dll
0x00007ff9c2c70000 - 0x00007ff9c2c88000 	C:\Program Files\Java\jdk-19\bin\zip.dll

dbghelp: loaded successfully - version: 4.0.5 - missing functions: none
symbol engine: initialized successfully - sym options: 0x614 - pdb path: .;C:\Program Files\Java\jdk-19\bin;C:\WINDOWS\SYSTEM32;C:\WINDOWS\WinSxS\amd64_microsoft.windows.common-controls_6595b64144ccf1df_6.0.22621.2361_none_2712ced57382f843;C:\Program Files\Java\jdk-19\bin\server

VM Arguments:
jvm_args: -Dfile.encoding=UTF-8 -XX:+ShowCodeDetailsInExceptionMessages 
java_command: SamplePackage.Boostrapdropdown
java_class_path (initial): C:\Mohan\Automation\eclipse\Workspace\AutomationFramework\target\test-classes;C:\Mohan\Automation\eclipse\Workspace\AutomationFramework\target\classes;C:\Users\bevar\.m2\repository\org\seleniumhq\selenium\selenium-java\4.14.1\selenium-java-4.14.1.jar;C:\Users\bevar\.m2\repository\org\seleniumhq\selenium\selenium-api\4.14.1\selenium-api-4.14.1.jar;C:\Users\bevar\.m2\repository\org\seleniumhq\selenium\selenium-chrome-driver\4.14.1\selenium-chrome-driver-4.14.1.jar;C:\Users\bevar\.m2\repository\com\google\auto\service\auto-service-annotations\1.1.1\auto-service-annotations-1.1.1.jar;C:\Users\bevar\.m2\repository\com\google\guava\guava\32.1.2-jre\guava-32.1.2-jre.jar;C:\Users\bevar\.m2\repository\com\google\guava\failureaccess\1.0.1\failureaccess-1.0.1.jar;C:\Users\bevar\.m2\repository\com\google\guava\listenablefuture\9999.0-empty-to-avoid-conflict-with-guava\listenablefuture-9999.0-empty-to-avoid-conflict-with-guava.jar;C:\Users\bevar\.m2\repository\com\google\code\findbugs\jsr305\3.0.2\jsr305-3.0.2.jar;C:\Users\bevar\.m2\repository\org\checkerframework\checker-qual\3.33.0\checker-qual-3.33.0.jar;C:\Users\bevar\.m2\repository\com\google\errorprone\error_prone_annotations\2.18.0\error_prone_annotations-2.18.0.jar;C:\Users\bevar\.m2\repository\com\google\j2objc\j2objc-annotations\2.8\j2objc-annotations-2.8.jar;C:\Users\bevar\.m2\repository\org\seleniumhq\selenium\selenium-chromium-driver\4.14.1\selenium-chromium-driver-4.14.1.jar;C:\Users\bevar\.m2\repository\org\seleniumhq\selenium\selenium-json\4.14.1\selenium-json-4.14.1.jar;C:\Users\bevar\.m2\repository\org\seleniumhq\selenium\selenium-manager\4.14.1\selenium-manager-4.14.1.jar;C:\Users\bevar\.m2\repository\org\seleniumhq\selenium\selenium-devtools-v116\4.14.1\selenium-devtools-v116-4.14.1.jar;C:\Users\bevar\.m2\repository\org\seleniumhq\selenium\selenium-devtools-v117\4.14.1\selenium-devtools-v117-4.14.1.jar;C:\Users\bevar\.m2\repository\org\seleniumhq\selenium\selenium-devtools-v118\4.14.1\selenium-devtools-v118-4.14.1.jar;C:\Users\bevar\.m2\repository\org\seleniumhq\selenium\selenium-devtools-v85\4.14.1\selenium-devtools-v85-4.14.1.jar;C:\Users\bevar\.m2\repository\org\seleniumhq\selenium\selenium-edge-driver\4.14.1\selenium-edge-driver-4.14.1.jar;C:\Users\bevar\.m2\repository\org\seleniumhq\selenium\selenium-firefox-driver\4.14.1\selenium-firefox-driver-4.14.1.jar;C:\Users\bevar\.m2\repository\org\seleniumhq\selenium\selenium-http\4.14.1\selenium-http-4.14.1.jar;C:\Users\bevar\.m2\repository\dev\failsafe\failsafe\3.3.2\failsafe-3.3.2.jar;C:\Users\bevar\.m2\repository\org\seleniumhq\selenium\selenium-ie-driver\4.14.1\selenium-ie-driver-4.14.1.jar;C:\Users\bevar\.m2\repository\org\seleniumhq\selenium\selenium-remote-driver\4.14.1\selenium-remote-driver-4.14.1.jar;C:\Users\bevar\.m2\repository\io\opentelemetry\opentelemetry-api\1.28.0\opentelemetry-api-1.28.0.jar;C:\Users\bevar\.m2\repository\io\opentelemetry\opentelemetry-context\1.28.0\opentelemetry-context-1.28.0.jar;C:\Users\bevar\.m2\repository\io\opentelemetry\opentelemetry-exporter-logging\1.28.0\opentelemetry-exporter-logging-1.28.0.jar;C:\Users\bevar\.m2\repository\io\opentelemetry\opentelemetry-sdk-metrics\1.28.0\opentelemetry-sdk-metrics-1.28.0.jar;C:\Users\bevar\.m2\repository\io\opentelemetry\opentelemetry-extension-incubator\1.28.0-alpha\opentelemetry-extension-incubator-1.28.0-alpha.jar;C:\Users\bevar\.m2\repository\io\opentelemetry\opentelemetry-sdk-logs\1.28.0\opentelemetry-sdk-logs-1.28.0.jar;C:\Users\bevar\.m2\repository\io\opentelemetry\opentelemetry-sdk-common\1.28.0\opentelemetry-sdk-common-1.28.0.jar;C:\Users\bevar\.m2\repository\io\opentelemetry\opentelemetry-sdk-extension-autoconfigure-spi\1.28.0\opentelemetry-sdk-extension-autoconfigure-spi-1.28.0.jar;C:\Users\bevar\.m2\repository\io\opentelemetry\opentelemetry-sdk-extension-autoconfigure\1.28.0\opentelemetry-sdk-extension-autoconfigure-1.28.0.jar;C:\Users\bevar\.m2\repository\io\opentelemetry\opentelemetry-api-events\1.28.0-alpha\opentelemetry-api-events-1.28.0-alpha.jar;C:\Users\bevar\.m2\repository\io\opentelemetry\opentelemetry-sdk-trace\1.28.0\opentelemetry-sdk-trace-1.28.0.jar;C:\Users\bevar\.m2\repository\io\opentelemetry\opentelemetry-sdk\1.28.0\opentelemetry-sdk-1.28.0.jar;C:\Users\bevar\.m2\repository\io\opentelemetry\opentelemetry-semconv\1.28.0-alpha\opentelemetry-semconv-1.28.0-alpha.jar;C:\Users\bevar\.m2\repository\net\bytebuddy\byte-buddy\1.14.5\byte-buddy-1.14.5.jar;C:\Users\bevar\.m2\repository\org\seleniumhq\selenium\selenium-os\4.14.1\selenium-os-4.14.1.jar;C:\Users\bevar\.m2\repository\org\apache\commons\commons-exec\1.3\commons-exec-1.3.jar;C:\Users\bevar\.m2\repository\org\seleniumhq\selenium\selenium-safari-driver\4.14.1\selenium-safari-driver-4.14.1.jar;C:\Users\bevar\.m2\repository\org\seleniumhq\selenium\selenium-support\4.14.1\selenium-support-4.14.1.jar;C:\Users\bevar\.m2\repository\org\testng\testng\6.10\testng-6.10.jar;C:\Users\bevar\.m2\repository\com\beust\jcommander\1.48\jcommander-1.48.jar;C:\Users\bevar\.m2\repository\io\github\bonigarcia\webdrivermanager\5.6.0\webdrivermanager-5.6.0.jar;C:\Users\bevar\.m2\repository\org\slf4j\slf4j-api\2.0.9\slf4j-api-2.0.9.jar;C:\Users\bevar\.m2\repository\com\google\code\gson\gson\2.10.1\gson-2.10.1.jar;C:\Users\bevar\.m2\repository\com\github\docker-java\docker-java\3.3.3\docker-java-3.3.3.jar;C:\Users\bevar\.m2\repository\com\github\docker-java\docker-java-core\3.3.3\docker-java-core-3.3.3.jar;C:\Users\bevar\.m2\repository\com\github\docker-java\docker-java-api\3.3.3\docker-java-api-3.3.3.jar;C:\Users\bevar\.m2\repository\com\fasterxml\jackson\core\jackson-annotations\2.10.3\jackson-annotations-2.10.3.jar;C:\Users\bevar\.m2\repository\commons-io\commons-io\2.6\commons-io-2.6.jar;C:\Users\bevar\.m2\repository\com\fasterxml\jackson\core\jackson-databind\2.10.3\jackson-databind-2.10.3.jar;C:\Users\bevar\.m2\repository\com\fasterxml\jackson\core\jackson-core\2.10.3\jackson-core-2.10.3.jar;C:\Users\bevar\.m2\repository\org\bouncycastle\bcpkix-jdk18on\1.75\bcpkix-jdk18on-1.75.jar;C:\Users\bevar\.m2\repository\org\bouncycastle\bcprov-jdk18on\1.75\bcprov-jdk18on-1.75.jar;C:\Users\bevar\.m2\repository\org\bouncycastle\bcutil-jdk18on\1.75\bcutil-jdk18on-1.75.jar;C:\Users\bevar\.m2\repository\org\slf4j\jcl-over-slf4j\1.7.30\jcl-over-slf4j-1.7.30.jar;C:\Users\bevar\.m2\repository\com\github\docker-java\docker-java-transport-httpclient5\3.3.3\docker-java-transport-httpclient5-3.3.3.jar;C:\Users\bevar\.m2\repository\com\github\docker-java\docker-java-transport\3.3.3\docker-java-transport-3.3.3.jar;C:\Users\bevar\.m2\repository\net\java\dev\jna\jna\5.12.1\jna-5.12.1.jar;C:\Users\bevar\.m2\repository\org\brotli\dec\0.1.2\dec-0.1.2.jar;C:\Users\bevar\.m2\repository\org\apache\commons\commons-lang3\3.13.0\commons-lang3-3.13.0.jar;C:\Users\bevar\.m2\repository\org\apache\commons\commons-compress\1.24.0\commons-compress-1.24.0.jar;C:\Users\bevar\.m2\repository\org\apache\httpcomponents\client5\httpclient5\5.2.1\httpclient5-5.2.1.jar;C:\Users\bevar\.m2\repository\org\apache\httpcomponents\core5\httpcore5\5.2\httpcore5-5.2.jar;C:\Users\bevar\.m2\repository\org\apache\httpcomponents\core5\httpcore5-h2\5.2\httpcore5-h2-5.2.jar
Launcher Type: SUN_STANDARD

[Global flags]
     intx CICompilerCount                          = 4                                         {product} {ergonomic}
     uint ConcGCThreads                            = 2                                         {product} {ergonomic}
     uint G1ConcRefinementThreads                  = 8                                         {product} {ergonomic}
   size_t G1HeapRegionSize                         = 2097152                                   {product} {ergonomic}
    uintx GCDrainStackTargetSize                   = 64                                        {product} {ergonomic}
   size_t InitialHeapSize                          = 197132288                                 {product} {ergonomic}
   size_t MarkStackSize                            = 4194304                                   {product} {ergonomic}
   size_t MaxHeapSize                              = 3126853632                                {product} {ergonomic}
   size_t MaxNewSize                               = 1874853888                                {product} {ergonomic}
   size_t MinHeapDeltaBytes                        = 2097152                                   {product} {ergonomic}
   size_t MinHeapSize                              = 8388608                                   {product} {ergonomic}
    uintx NonNMethodCodeHeapSize                   = 5839372                                {pd product} {ergonomic}
    uintx NonProfiledCodeHeapSize                  = 122909434                              {pd product} {ergonomic}
    uintx ProfiledCodeHeapSize                     = 122909434                              {pd product} {ergonomic}
    uintx ReservedCodeCacheSize                    = 251658240                              {pd product} {ergonomic}
     bool SegmentedCodeCache                       = true                                      {product} {ergonomic}
     bool ShowCodeDetailsInExceptionMessages       = true                                   {manageable} {command line}
   size_t SoftMaxHeapSize                          = 3126853632                             {manageable} {ergonomic}
     bool UseCompressedClassPointers               = true                           {product lp64_product} {ergonomic}
     bool UseCompressedOops                        = true                           {product lp64_product} {ergonomic}
     bool UseG1GC                                  = true                                      {product} {ergonomic}
     bool UseLargePagesIndividualAllocation        = false                                  {pd product} {ergonomic}

Logging:
Log output configuration:
 #0: stdout all=warning uptime,level,tags foldmultilines=false
 #1: stderr all=off uptime,level,tags foldmultilines=false

Environment Variables:
JAVA_HOME=C:\Program Files\Java\jdk-19
PATH=C:/Program Files/Java/jdk-19/bin/server;C:/Program Files/Java/jdk-19/bin;C:\Program Files\Java\jdk-19\bin;C:\Program Files (x86)\Common Files\Oracle\Java\javapath;C:\windows\system32;C:\windows;C:\windows\System32\Wbem;C:\windows\System32\WindowsPowerShell\v1.0\;C:\windows\System32\OpenSSH\;C:\Program Files (x86)\NVIDIA Corporation\PhysX\Common;C:\Program Files\NVIDIA Corporation\NVIDIA NvDLISR;C:\Program Files\Java\jdk-19\bin;C:\Program Files\nodejs\;C:\ProgramData\chocolatey\bin;C:\WINDOWS\system32;C:\WINDOWS;C:\WINDOWS\System32\Wbem;C:\WINDOWS\System32\WindowsPowerShell\v1.0\;C:\WINDOWS\System32\OpenSSH\;C:\Program Files\Git\cmd;C:\Program Files\dotnet\;C:\Program Files\Common Files\Oracle\Java\javapath;C:\Users\bevar\AppData\Local\Microsoft\WindowsApps;C:\Users\bevar\AppData\Roaming\npm;C:\Users\bevar\AppData\Local\Programs\Microsoft VS Code\bin;;C:\Program Files\JetBrains\IntelliJ IDEA Community Edition 2023.1.1\bin;;C:\Program Files\JetBrains\IntelliJ IDEA Educational Edition 2022.2.2\bin;;C:\WINDOWS\system32;
USERNAME=bevar
OS=Windows_NT
PROCESSOR_IDENTIFIER=Intel64 Family 6 Model 140 Stepping 1, GenuineIntel
TMP=C:\Users\bevar\AppData\Local\Temp
TEMP=C:\Users\bevar\AppData\Local\Temp



---------------  S Y S T E M  ---------------

OS:
 Windows 11 , 64 bit Build 22621 (10.0.22621.2428)
OS uptime: 1 days 21:28 hours
Hyper-V role detected

CPU: total 8 (initial active 8) (4 cores per cpu, 2 threads per core) family 6 model 140 stepping 1 microcode 0xac, cx8, cmov, fxsr, ht, mmx, 3dnowpref, sse, sse2, sse3, ssse3, sse4.1, sse4.2, popcnt, lzcnt, tsc, tscinvbit, avx, avx2, aes, erms, clmul, bmi1, bmi2, adx, avx512f, avx512dq, avx512cd, avx512bw, avx512vl, sha, fma, vzeroupper, avx512_vpopcntdq, avx512_vpclmulqdq, avx512_vaes, avx512_vnni, clflush, clflushopt, clwb, avx512_vbmi2, avx512_vbmi, hv, rdtscp, rdpid, fsrm, gfni, avx512_bitalg

Memory: 4k page, system-wide physical 11927M (874M free)
TotalPageFile size 42310M (AvailPageFile size 4M)
current process WorkingSet (physical memory assigned to process): 41M, peak: 41M
current process commit charge ("private bytes"): 277M, peak: 278M

vm_info: Java HotSpot(TM) 64-Bit Server VM (19.0.2+7-44) for windows-amd64 JRE (19.0.2+7-44), built on 2022-11-30T18:02:09Z by "mach5one" with MS VC++ 17.1 (VS2022)

END.
